#-----------------------------------------------------------
# xsim v2024.2 (64-bit)
# SW Build 5239630 on Fri Nov 08 22:34:34 MST 2024
# IP Build 5239520 on Sun Nov 10 16:12:51 MST 2024
# SharedData Build 5239561 on Fri Nov 08 14:39:27 MST 2024
# Start of session at: Sun Mar  2 01:32:26 2025
# Process ID         : 56038
# Current directory  : /home/workinglobster/uart-project/sim
# Command line       : xsim -mode tcl -source {xsim.dir/sim_snapshot/xsim_script.tcl}
# Log file           : /home/workinglobster/uart-project/sim/xsim.log
# Journal file       : /home/workinglobster/uart-project/sim/xsim.jou
# Running On         : PG-LAP-273
# Platform           : Debian
# Operating System   : Debian GNU/Linux 12 (bookworm)
# Processor Detail   : 11th Gen Intel(R) Core(TM) i5-1145G7 @ 2.60GHz
# CPU Frequency      : 1497.600 MHz
# CPU Physical cores : 4
# CPU Logical cores  : 8
# Host memory        : 8193 MB
# Swap memory        : 2147 MB
# Total Virtual      : 10341 MB
# Available Virtual  : 8625 MB
#-----------------------------------------------------------
source xsim.dir/sim_snapshot/xsim_script.tcl
# xsim {sim_snapshot} -autoloadwcfg -runall -onfinish quit
Time resolution is 1 ps
run -all
Baud Rate Generator Configuration:
  CLK_FREQ_HZ = 50000000
  BAUD_RATE = 9600
  OVERSAMPLING = 16
  BAUD_DIV = 5207
  BAUD_DIV_16X = 324
Testing baudrate_gen with:
  CLK_FREQ_HZ = 50,000,000 (50 MHz)
  BAUD_RATE = 9600
  OVERSAMPLING = 16
  Expected BAUD_DIV = 5207
  Expected BAUD_DIV_16X = 324
  Expected tick period = 104166.67 ns
  Expected tick_16x period = 6510.42 ns
Tick16x detected at 13190000 ns, period = 6500000 ns (expected ~6510.42 ns)
Tick16x detected at 19690000 ns, period = 6500000 ns (expected ~6510.42 ns)
Tick16x detected at 26190000 ns, period = 6500000 ns (expected ~6510.42 ns)
Tick16x detected at 32690000 ns, period = 6500000 ns (expected ~6510.42 ns)
Tick16x detected at 39190000 ns, period = 6500000 ns (expected ~6510.42 ns)
Tick16x detected at 45690000 ns, period = 6500000 ns (expected ~6510.42 ns)
Tick16x detected at 52190000 ns, period = 6500000 ns (expected ~6510.42 ns)
Tick16x detected at 58690000 ns, period = 6500000 ns (expected ~6510.42 ns)
Tick16x detected at 65190000 ns, period = 6500000 ns (expected ~6510.42 ns)
Tick16x detected at 71690000 ns, period = 6500000 ns (expected ~6510.42 ns)
Tick16x detected at 78190000 ns, period = 6500000 ns (expected ~6510.42 ns)
Tick16x detected at 84690000 ns, period = 6500000 ns (expected ~6510.42 ns)
Tick16x detected at 91190000 ns, period = 6500000 ns (expected ~6510.42 ns)
Tick16x detected at 97690000 ns, period = 6500000 ns (expected ~6510.42 ns)
Tick16x detected at 104190000 ns, period = 6500000 ns (expected ~6510.42 ns)
Tick16x detected at 110690000 ns, period = 6500000 ns (expected ~6510.42 ns)
Tick16x detected at 117190000 ns, period = 6500000 ns (expected ~6510.42 ns)
Tick16x detected at 123690000 ns, period = 6500000 ns (expected ~6510.42 ns)
Tick16x detected at 130190000 ns, period = 6500000 ns (expected ~6510.42 ns)
Tick16x detected at 136690000 ns, period = 6500000 ns (expected ~6510.42 ns)
Tick16x detected at 143190000 ns, period = 6500000 ns (expected ~6510.42 ns)
Tick16x detected at 149690000 ns, period = 6500000 ns (expected ~6510.42 ns)
Tick16x detected at 156190000 ns, period = 6500000 ns (expected ~6510.42 ns)
Tick16x detected at 162690000 ns, period = 6500000 ns (expected ~6510.42 ns)
Tick16x detected at 169190000 ns, period = 6500000 ns (expected ~6510.42 ns)
Tick16x detected at 175690000 ns, period = 6500000 ns (expected ~6510.42 ns)
Tick16x detected at 182190000 ns, period = 6500000 ns (expected ~6510.42 ns)
Tick16x detected at 188690000 ns, period = 6500000 ns (expected ~6510.42 ns)
Tick16x detected at 195190000 ns, period = 6500000 ns (expected ~6510.42 ns)
Tick16x detected at 201690000 ns, period = 6500000 ns (expected ~6510.42 ns)
Tick16x detected at 208190000 ns, period = 6500000 ns (expected ~6510.42 ns)
Tick detected at 208510000 ns, period = 104160000 ns (expected ~104166.67 ns)
Tick16x detected at 214690000 ns, period = 6500000 ns (expected ~6510.42 ns)
Tick16x detected at 221190000 ns, period = 6500000 ns (expected ~6510.42 ns)
Tick16x detected at 227690000 ns, period = 6500000 ns (expected ~6510.42 ns)
Tick16x detected at 234190000 ns, period = 6500000 ns (expected ~6510.42 ns)
Tick16x detected at 240690000 ns, period = 6500000 ns (expected ~6510.42 ns)
Tick16x detected at 247190000 ns, period = 6500000 ns (expected ~6510.42 ns)
Tick16x detected at 253690000 ns, period = 6500000 ns (expected ~6510.42 ns)
Tick16x detected at 260190000 ns, period = 6500000 ns (expected ~6510.42 ns)
Tick16x detected at 266690000 ns, period = 6500000 ns (expected ~6510.42 ns)
Tick16x detected at 273190000 ns, period = 6500000 ns (expected ~6510.42 ns)
Tick16x detected at 279690000 ns, period = 6500000 ns (expected ~6510.42 ns)
Tick16x detected at 286190000 ns, period = 6500000 ns (expected ~6510.42 ns)
Tick16x detected at 292690000 ns, period = 6500000 ns (expected ~6510.42 ns)
Tick16x detected at 299190000 ns, period = 6500000 ns (expected ~6510.42 ns)
Tick16x detected at 305690000 ns, period = 6500000 ns (expected ~6510.42 ns)
Tick16x detected at 312190000 ns, period = 6500000 ns (expected ~6510.42 ns)
Tick detected at 312670000 ns, period = 104160000 ns (expected ~104166.67 ns)
Tick16x detected at 318690000 ns, period = 6500000 ns (expected ~6510.42 ns)
Tick16x detected at 325190000 ns, period = 6500000 ns (expected ~6510.42 ns)
Tick16x detected at 331690000 ns, period = 6500000 ns (expected ~6510.42 ns)
Tick16x detected at 338190000 ns, period = 6500000 ns (expected ~6510.42 ns)
Tick16x detected at 344690000 ns, period = 6500000 ns (expected ~6510.42 ns)
Tick16x detected at 351190000 ns, period = 6500000 ns (expected ~6510.42 ns)
Tick16x detected at 357690000 ns, period = 6500000 ns (expected ~6510.42 ns)
Tick16x detected at 364190000 ns, period = 6500000 ns (expected ~6510.42 ns)
Tick16x detected at 370690000 ns, period = 6500000 ns (expected ~6510.42 ns)
Tick16x detected at 377190000 ns, period = 6500000 ns (expected ~6510.42 ns)
Tick16x detected at 383690000 ns, period = 6500000 ns (expected ~6510.42 ns)
Tick16x detected at 390190000 ns, period = 6500000 ns (expected ~6510.42 ns)
Tick16x detected at 396690000 ns, period = 6500000 ns (expected ~6510.42 ns)
Tick16x detected at 403190000 ns, period = 6500000 ns (expected ~6510.42 ns)
Tick16x detected at 409690000 ns, period = 6500000 ns (expected ~6510.42 ns)
Tick16x detected at 416190000 ns, period = 6500000 ns (expected ~6510.42 ns)
Tick detected at 416830000 ns, period = 104160000 ns (expected ~104166.67 ns)
Tick16x detected at 422690000 ns, period = 6500000 ns (expected ~6510.42 ns)
Tick16x detected at 429190000 ns, period = 6500000 ns (expected ~6510.42 ns)
Tick16x detected at 435690000 ns, period = 6500000 ns (expected ~6510.42 ns)
Tick16x detected at 442190000 ns, period = 6500000 ns (expected ~6510.42 ns)
Tick16x detected at 448690000 ns, period = 6500000 ns (expected ~6510.42 ns)
Tick16x detected at 455190000 ns, period = 6500000 ns (expected ~6510.42 ns)
Tick16x detected at 461690000 ns, period = 6500000 ns (expected ~6510.42 ns)
Tick16x detected at 468190000 ns, period = 6500000 ns (expected ~6510.42 ns)
Tick16x detected at 474690000 ns, period = 6500000 ns (expected ~6510.42 ns)
Tick16x detected at 481190000 ns, period = 6500000 ns (expected ~6510.42 ns)
Tick16x detected at 487690000 ns, period = 6500000 ns (expected ~6510.42 ns)
Tick16x detected at 494190000 ns, period = 6500000 ns (expected ~6510.42 ns)
Tick16x detected at 500690000 ns, period = 6500000 ns (expected ~6510.42 ns)
Tick16x detected at 507190000 ns, period = 6500000 ns (expected ~6510.42 ns)
Tick16x detected at 513690000 ns, period = 6500000 ns (expected ~6510.42 ns)
Tick16x detected at 520190000 ns, period = 6500000 ns (expected ~6510.42 ns)
Tick detected at 520990000 ns, period = 104160000 ns (expected ~104166.67 ns)
Tick16x detected at 526690000 ns, period = 6500000 ns (expected ~6510.42 ns)
Tick16x detected at 533190000 ns, period = 6500000 ns (expected ~6510.42 ns)
Tick16x detected at 539690000 ns, period = 6500000 ns (expected ~6510.42 ns)
Tick16x detected at 546190000 ns, period = 6500000 ns (expected ~6510.42 ns)
Tick16x detected at 552690000 ns, period = 6500000 ns (expected ~6510.42 ns)
Tick16x detected at 559190000 ns, period = 6500000 ns (expected ~6510.42 ns)
Tick16x detected at 565690000 ns, period = 6500000 ns (expected ~6510.42 ns)
Tick16x detected at 572190000 ns, period = 6500000 ns (expected ~6510.42 ns)
Tick16x detected at 578690000 ns, period = 6500000 ns (expected ~6510.42 ns)
Tick16x detected at 585190000 ns, period = 6500000 ns (expected ~6510.42 ns)
Tick16x detected at 591690000 ns, period = 6500000 ns (expected ~6510.42 ns)
Tick16x detected at 598190000 ns, period = 6500000 ns (expected ~6510.42 ns)
Tick16x detected at 604690000 ns, period = 6500000 ns (expected ~6510.42 ns)
Tick16x detected at 611190000 ns, period = 6500000 ns (expected ~6510.42 ns)
Tick16x detected at 617690000 ns, period = 6500000 ns (expected ~6510.42 ns)
Tick16x detected at 624190000 ns, period = 6500000 ns (expected ~6510.42 ns)
Tick detected at 625150000 ns, period = 104160000 ns (expected ~104166.67 ns)
Tick16x detected at 630690000 ns, period = 6500000 ns (expected ~6510.42 ns)
Tick16x detected at 637190000 ns, period = 6500000 ns (expected ~6510.42 ns)
Tick16x detected at 643690000 ns, period = 6500000 ns (expected ~6510.42 ns)
Tick16x detected at 650190000 ns, period = 6500000 ns (expected ~6510.42 ns)
Tick16x detected at 656690000 ns, period = 6500000 ns (expected ~6510.42 ns)
Tick16x detected at 663190000 ns, period = 6500000 ns (expected ~6510.42 ns)
Tick16x detected at 669690000 ns, period = 6500000 ns (expected ~6510.42 ns)
Tick16x detected at 676190000 ns, period = 6500000 ns (expected ~6510.42 ns)
Tick16x detected at 682690000 ns, period = 6500000 ns (expected ~6510.42 ns)
Tick16x detected at 689190000 ns, period = 6500000 ns (expected ~6510.42 ns)
Tick16x detected at 695690000 ns, period = 6500000 ns (expected ~6510.42 ns)
Tick16x detected at 702190000 ns, period = 6500000 ns (expected ~6510.42 ns)
Tick16x detected at 708690000 ns, period = 6500000 ns (expected ~6510.42 ns)
Tick16x detected at 715190000 ns, period = 6500000 ns (expected ~6510.42 ns)
Tick16x detected at 721690000 ns, period = 6500000 ns (expected ~6510.42 ns)
Tick16x detected at 728190000 ns, period = 6500000 ns (expected ~6510.42 ns)
Tick detected at 729310000 ns, period = 104160000 ns (expected ~104166.67 ns)
Tick16x detected at 734690000 ns, period = 6500000 ns (expected ~6510.42 ns)
Tick16x detected at 741190000 ns, period = 6500000 ns (expected ~6510.42 ns)
Tick16x detected at 747690000 ns, period = 6500000 ns (expected ~6510.42 ns)
Tick16x detected at 754190000 ns, period = 6500000 ns (expected ~6510.42 ns)
Tick16x detected at 760690000 ns, period = 6500000 ns (expected ~6510.42 ns)
Tick16x detected at 767190000 ns, period = 6500000 ns (expected ~6510.42 ns)
Tick16x detected at 773690000 ns, period = 6500000 ns (expected ~6510.42 ns)
Tick16x detected at 780190000 ns, period = 6500000 ns (expected ~6510.42 ns)
Tick16x detected at 786690000 ns, period = 6500000 ns (expected ~6510.42 ns)
Tick16x detected at 793190000 ns, period = 6500000 ns (expected ~6510.42 ns)
Tick16x detected at 799690000 ns, period = 6500000 ns (expected ~6510.42 ns)
Tick16x detected at 806190000 ns, period = 6500000 ns (expected ~6510.42 ns)
Tick16x detected at 812690000 ns, period = 6500000 ns (expected ~6510.42 ns)
Tick16x detected at 819190000 ns, period = 6500000 ns (expected ~6510.42 ns)
Tick16x detected at 825690000 ns, period = 6500000 ns (expected ~6510.42 ns)
Tick16x detected at 832190000 ns, period = 6500000 ns (expected ~6510.42 ns)
Tick detected at 833470000 ns, period = 104160000 ns (expected ~104166.67 ns)
Tick16x detected at 838690000 ns, period = 6500000 ns (expected ~6510.42 ns)
Tick16x detected at 845190000 ns, period = 6500000 ns (expected ~6510.42 ns)
Tick16x detected at 851690000 ns, period = 6500000 ns (expected ~6510.42 ns)
Tick16x detected at 858190000 ns, period = 6500000 ns (expected ~6510.42 ns)
Tick16x detected at 864690000 ns, period = 6500000 ns (expected ~6510.42 ns)
Tick16x detected at 871190000 ns, period = 6500000 ns (expected ~6510.42 ns)
Tick16x detected at 877690000 ns, period = 6500000 ns (expected ~6510.42 ns)
Tick16x detected at 884190000 ns, period = 6500000 ns (expected ~6510.42 ns)
Tick16x detected at 890690000 ns, period = 6500000 ns (expected ~6510.42 ns)
Tick16x detected at 897190000 ns, period = 6500000 ns (expected ~6510.42 ns)
Tick16x detected at 903690000 ns, period = 6500000 ns (expected ~6510.42 ns)
Tick16x detected at 910190000 ns, period = 6500000 ns (expected ~6510.42 ns)
Tick16x detected at 916690000 ns, period = 6500000 ns (expected ~6510.42 ns)
Tick16x detected at 923190000 ns, period = 6500000 ns (expected ~6510.42 ns)
Tick16x detected at 929690000 ns, period = 6500000 ns (expected ~6510.42 ns)
Tick16x detected at 936190000 ns, period = 6500000 ns (expected ~6510.42 ns)
Tick detected at 937630000 ns, period = 104160000 ns (expected ~104166.67 ns)
Tick16x detected at 942690000 ns, period = 6500000 ns (expected ~6510.42 ns)
Tick16x detected at 949190000 ns, period = 6500000 ns (expected ~6510.42 ns)
Tick16x detected at 955690000 ns, period = 6500000 ns (expected ~6510.42 ns)
Tick16x detected at 962190000 ns, period = 6500000 ns (expected ~6510.42 ns)
Tick16x detected at 968690000 ns, period = 6500000 ns (expected ~6510.42 ns)
Tick16x detected at 975190000 ns, period = 6500000 ns (expected ~6510.42 ns)
Tick16x detected at 981690000 ns, period = 6500000 ns (expected ~6510.42 ns)
Tick16x detected at 988190000 ns, period = 6500000 ns (expected ~6510.42 ns)
Tick16x detected at 994690000 ns, period = 6500000 ns (expected ~6510.42 ns)
Tick16x detected at 1001190000 ns, period = 6500000 ns (expected ~6510.42 ns)
Tick16x detected at 1007690000 ns, period = 6500000 ns (expected ~6510.42 ns)
Tick16x detected at 1014190000 ns, period = 6500000 ns (expected ~6510.42 ns)
Tick16x detected at 1020690000 ns, period = 6500000 ns (expected ~6510.42 ns)
Tick16x detected at 1027190000 ns, period = 6500000 ns (expected ~6510.42 ns)
Tick16x detected at 1033690000 ns, period = 6500000 ns (expected ~6510.42 ns)
Tick16x detected at 1040190000 ns, period = 6500000 ns (expected ~6510.42 ns)
Tick detected at 1041790000 ns, period = 104160000 ns (expected ~104166.67 ns)
Tick16x detected at 1046690000 ns, period = 6500000 ns (expected ~6510.42 ns)
Tick16x detected at 1053190000 ns, period = 6500000 ns (expected ~6510.42 ns)
Tick16x detected at 1059690000 ns, period = 6500000 ns (expected ~6510.42 ns)
Tick16x detected at 1066190000 ns, period = 6500000 ns (expected ~6510.42 ns)
Tick16x detected at 1072690000 ns, period = 6500000 ns (expected ~6510.42 ns)
Tick16x detected at 1079190000 ns, period = 6500000 ns (expected ~6510.42 ns)
Tick16x detected at 1085690000 ns, period = 6500000 ns (expected ~6510.42 ns)
Tick16x detected at 1092190000 ns, period = 6500000 ns (expected ~6510.42 ns)
Tick16x detected at 1098690000 ns, period = 6500000 ns (expected ~6510.42 ns)
Tick16x detected at 1105190000 ns, period = 6500000 ns (expected ~6510.42 ns)
Tick16x detected at 1111690000 ns, period = 6500000 ns (expected ~6510.42 ns)
Tick16x detected at 1118190000 ns, period = 6500000 ns (expected ~6510.42 ns)
Tick16x detected at 1124690000 ns, period = 6500000 ns (expected ~6510.42 ns)
Tick16x detected at 1131190000 ns, period = 6500000 ns (expected ~6510.42 ns)
Tick16x detected at 1137690000 ns, period = 6500000 ns (expected ~6510.42 ns)
Tick16x detected at 1144190000 ns, period = 6500000 ns (expected ~6510.42 ns)
Tick detected at 1145950000 ns, period = 104160000 ns (expected ~104166.67 ns)
Tick16x detected at 1150690000 ns, period = 6500000 ns (expected ~6510.42 ns)
Tick16x detected at 1157190000 ns, period = 6500000 ns (expected ~6510.42 ns)
Tick16x detected at 1163690000 ns, period = 6500000 ns (expected ~6510.42 ns)
Tick16x detected at 1170190000 ns, period = 6500000 ns (expected ~6510.42 ns)
Tick16x detected at 1176690000 ns, period = 6500000 ns (expected ~6510.42 ns)
Tick16x detected at 1183190000 ns, period = 6500000 ns (expected ~6510.42 ns)
Tick16x detected at 1189690000 ns, period = 6500000 ns (expected ~6510.42 ns)
Tick16x detected at 1196190000 ns, period = 6500000 ns (expected ~6510.42 ns)
Tick16x detected at 1202690000 ns, period = 6500000 ns (expected ~6510.42 ns)
Tick16x detected at 1209190000 ns, period = 6500000 ns (expected ~6510.42 ns)
Tick16x detected at 1215690000 ns, period = 6500000 ns (expected ~6510.42 ns)
Tick16x detected at 1222190000 ns, period = 6500000 ns (expected ~6510.42 ns)
Tick16x detected at 1228690000 ns, period = 6500000 ns (expected ~6510.42 ns)
Tick16x detected at 1235190000 ns, period = 6500000 ns (expected ~6510.42 ns)
Tick16x detected at 1241690000 ns, period = 6500000 ns (expected ~6510.42 ns)
Tick16x detected at 1248190000 ns, period = 6500000 ns (expected ~6510.42 ns)
Tick detected at 1250110000 ns, period = 104160000 ns (expected ~104166.67 ns)
Tick16x detected at 1254690000 ns, period = 6500000 ns (expected ~6510.42 ns)
Tick16x detected at 1261190000 ns, period = 6500000 ns (expected ~6510.42 ns)
Tick16x detected at 1267690000 ns, period = 6500000 ns (expected ~6510.42 ns)
Tick16x detected at 1274190000 ns, period = 6500000 ns (expected ~6510.42 ns)
Tick16x detected at 1280690000 ns, period = 6500000 ns (expected ~6510.42 ns)
Tick16x detected at 1287190000 ns, period = 6500000 ns (expected ~6510.42 ns)
Tick16x detected at 1293690000 ns, period = 6500000 ns (expected ~6510.42 ns)
Tick16x detected at 1300190000 ns, period = 6500000 ns (expected ~6510.42 ns)
Tick16x detected at 1306690000 ns, period = 6500000 ns (expected ~6510.42 ns)
Tick16x detected at 1313190000 ns, period = 6500000 ns (expected ~6510.42 ns)
Tick16x detected at 1319690000 ns, period = 6500000 ns (expected ~6510.42 ns)
Tick16x detected at 1326190000 ns, period = 6500000 ns (expected ~6510.42 ns)
Tick16x detected at 1332690000 ns, period = 6500000 ns (expected ~6510.42 ns)
Tick16x detected at 1339190000 ns, period = 6500000 ns (expected ~6510.42 ns)
Tick16x detected at 1345690000 ns, period = 6500000 ns (expected ~6510.42 ns)
Tick16x detected at 1352190000 ns, period = 6500000 ns (expected ~6510.42 ns)
Tick detected at 1354270000 ns, period = 104160000 ns (expected ~104166.67 ns)
Tick16x detected at 1358690000 ns, period = 6500000 ns (expected ~6510.42 ns)
Tick16x detected at 1365190000 ns, period = 6500000 ns (expected ~6510.42 ns)
Tick16x detected at 1371690000 ns, period = 6500000 ns (expected ~6510.42 ns)
Tick16x detected at 1378190000 ns, period = 6500000 ns (expected ~6510.42 ns)
Tick16x detected at 1384690000 ns, period = 6500000 ns (expected ~6510.42 ns)
Tick16x detected at 1391190000 ns, period = 6500000 ns (expected ~6510.42 ns)
Tick16x detected at 1397690000 ns, period = 6500000 ns (expected ~6510.42 ns)
Tick16x detected at 1404190000 ns, period = 6500000 ns (expected ~6510.42 ns)
Tick16x detected at 1410690000 ns, period = 6500000 ns (expected ~6510.42 ns)
Tick16x detected at 1417190000 ns, period = 6500000 ns (expected ~6510.42 ns)
Tick16x detected at 1423690000 ns, period = 6500000 ns (expected ~6510.42 ns)
Tick16x detected at 1430190000 ns, period = 6500000 ns (expected ~6510.42 ns)
Tick16x detected at 1436690000 ns, period = 6500000 ns (expected ~6510.42 ns)
Tick16x detected at 1443190000 ns, period = 6500000 ns (expected ~6510.42 ns)
Tick16x detected at 1449690000 ns, period = 6500000 ns (expected ~6510.42 ns)
Tick16x detected at 1456190000 ns, period = 6500000 ns (expected ~6510.42 ns)
Tick detected at 1458430000 ns, period = 104160000 ns (expected ~104166.67 ns)
Tick16x detected at 1462690000 ns, period = 6500000 ns (expected ~6510.42 ns)
Tick16x detected at 1469190000 ns, period = 6500000 ns (expected ~6510.42 ns)
Tick16x detected at 1475690000 ns, period = 6500000 ns (expected ~6510.42 ns)
Tick16x detected at 1482190000 ns, period = 6500000 ns (expected ~6510.42 ns)
Tick16x detected at 1488690000 ns, period = 6500000 ns (expected ~6510.42 ns)
Tick16x detected at 1495190000 ns, period = 6500000 ns (expected ~6510.42 ns)
Tick16x detected at 1501690000 ns, period = 6500000 ns (expected ~6510.42 ns)
Tick16x detected at 1508190000 ns, period = 6500000 ns (expected ~6510.42 ns)
Tick16x detected at 1514690000 ns, period = 6500000 ns (expected ~6510.42 ns)
Tick16x detected at 1521190000 ns, period = 6500000 ns (expected ~6510.42 ns)
Tick16x detected at 1527690000 ns, period = 6500000 ns (expected ~6510.42 ns)
Tick16x detected at 1534190000 ns, period = 6500000 ns (expected ~6510.42 ns)
Tick16x detected at 1540690000 ns, period = 6500000 ns (expected ~6510.42 ns)
Tick16x detected at 1547190000 ns, period = 6500000 ns (expected ~6510.42 ns)
Tick16x detected at 1553690000 ns, period = 6500000 ns (expected ~6510.42 ns)
Tick16x detected at 1560190000 ns, period = 6500000 ns (expected ~6510.42 ns)
Tick detected at 1562590000 ns, period = 104160000 ns (expected ~104166.67 ns)
Tick16x detected at 1566690000 ns, period = 6500000 ns (expected ~6510.42 ns)
Tick16x detected at 1573190000 ns, period = 6500000 ns (expected ~6510.42 ns)
Tick16x detected at 1579690000 ns, period = 6500000 ns (expected ~6510.42 ns)
Tick16x detected at 1586190000 ns, period = 6500000 ns (expected ~6510.42 ns)
Tick16x detected at 1592690000 ns, period = 6500000 ns (expected ~6510.42 ns)
Tick16x detected at 1599190000 ns, period = 6500000 ns (expected ~6510.42 ns)
Tick16x detected at 1605690000 ns, period = 6500000 ns (expected ~6510.42 ns)
Tick16x detected at 1612190000 ns, period = 6500000 ns (expected ~6510.42 ns)
Tick16x detected at 1618690000 ns, period = 6500000 ns (expected ~6510.42 ns)
Tick16x detected at 1625190000 ns, period = 6500000 ns (expected ~6510.42 ns)
Tick16x detected at 1631690000 ns, period = 6500000 ns (expected ~6510.42 ns)
Tick16x detected at 1638190000 ns, period = 6500000 ns (expected ~6510.42 ns)
Tick16x detected at 1644690000 ns, period = 6500000 ns (expected ~6510.42 ns)
Tick16x detected at 1651190000 ns, period = 6500000 ns (expected ~6510.42 ns)
Tick16x detected at 1657690000 ns, period = 6500000 ns (expected ~6510.42 ns)
Tick16x detected at 1664190000 ns, period = 6500000 ns (expected ~6510.42 ns)
Tick detected at 1666750000 ns, period = 104160000 ns (expected ~104166.67 ns)
Tick16x detected at 1670690000 ns, period = 6500000 ns (expected ~6510.42 ns)
Tick16x detected at 1677190000 ns, period = 6500000 ns (expected ~6510.42 ns)
Tick16x detected at 1683690000 ns, period = 6500000 ns (expected ~6510.42 ns)
Tick16x detected at 1690190000 ns, period = 6500000 ns (expected ~6510.42 ns)
Tick16x detected at 1696690000 ns, period = 6500000 ns (expected ~6510.42 ns)
Tick16x detected at 1703190000 ns, period = 6500000 ns (expected ~6510.42 ns)
Tick16x detected at 1709690000 ns, period = 6500000 ns (expected ~6510.42 ns)
Tick16x detected at 1716190000 ns, period = 6500000 ns (expected ~6510.42 ns)
Tick16x detected at 1722690000 ns, period = 6500000 ns (expected ~6510.42 ns)
Tick16x detected at 1729190000 ns, period = 6500000 ns (expected ~6510.42 ns)
Tick16x detected at 1735690000 ns, period = 6500000 ns (expected ~6510.42 ns)
Tick16x detected at 1742190000 ns, period = 6500000 ns (expected ~6510.42 ns)
Tick16x detected at 1748690000 ns, period = 6500000 ns (expected ~6510.42 ns)
Tick16x detected at 1755190000 ns, period = 6500000 ns (expected ~6510.42 ns)
Tick16x detected at 1761690000 ns, period = 6500000 ns (expected ~6510.42 ns)
Tick16x detected at 1768190000 ns, period = 6500000 ns (expected ~6510.42 ns)
Tick detected at 1770910000 ns, period = 104160000 ns (expected ~104166.67 ns)
Tick16x detected at 1774690000 ns, period = 6500000 ns (expected ~6510.42 ns)
Tick16x detected at 1781190000 ns, period = 6500000 ns (expected ~6510.42 ns)
Tick16x detected at 1787690000 ns, period = 6500000 ns (expected ~6510.42 ns)
Tick16x detected at 1794190000 ns, period = 6500000 ns (expected ~6510.42 ns)
Tick16x detected at 1800690000 ns, period = 6500000 ns (expected ~6510.42 ns)
Tick16x detected at 1807190000 ns, period = 6500000 ns (expected ~6510.42 ns)
Tick16x detected at 1813690000 ns, period = 6500000 ns (expected ~6510.42 ns)
Tick16x detected at 1820190000 ns, period = 6500000 ns (expected ~6510.42 ns)
Tick16x detected at 1826690000 ns, period = 6500000 ns (expected ~6510.42 ns)
Tick16x detected at 1833190000 ns, period = 6500000 ns (expected ~6510.42 ns)
Tick16x detected at 1839690000 ns, period = 6500000 ns (expected ~6510.42 ns)
Tick16x detected at 1846190000 ns, period = 6500000 ns (expected ~6510.42 ns)
Tick16x detected at 1852690000 ns, period = 6500000 ns (expected ~6510.42 ns)
Tick16x detected at 1859190000 ns, period = 6500000 ns (expected ~6510.42 ns)
Tick16x detected at 1865690000 ns, period = 6500000 ns (expected ~6510.42 ns)
Tick16x detected at 1872190000 ns, period = 6500000 ns (expected ~6510.42 ns)
Tick detected at 1875070000 ns, period = 104160000 ns (expected ~104166.67 ns)
Tick16x detected at 1878690000 ns, period = 6500000 ns (expected ~6510.42 ns)
Tick16x detected at 1885190000 ns, period = 6500000 ns (expected ~6510.42 ns)
Tick16x detected at 1891690000 ns, period = 6500000 ns (expected ~6510.42 ns)
Tick16x detected at 1898190000 ns, period = 6500000 ns (expected ~6510.42 ns)
Tick16x detected at 1904690000 ns, period = 6500000 ns (expected ~6510.42 ns)
Tick16x detected at 1911190000 ns, period = 6500000 ns (expected ~6510.42 ns)
Tick16x detected at 1917690000 ns, period = 6500000 ns (expected ~6510.42 ns)
Tick16x detected at 1924190000 ns, period = 6500000 ns (expected ~6510.42 ns)
Tick16x detected at 1930690000 ns, period = 6500000 ns (expected ~6510.42 ns)
Tick16x detected at 1937190000 ns, period = 6500000 ns (expected ~6510.42 ns)
Tick16x detected at 1943690000 ns, period = 6500000 ns (expected ~6510.42 ns)
Tick16x detected at 1950190000 ns, period = 6500000 ns (expected ~6510.42 ns)
Tick16x detected at 1956690000 ns, period = 6500000 ns (expected ~6510.42 ns)
Tick16x detected at 1963190000 ns, period = 6500000 ns (expected ~6510.42 ns)
Tick16x detected at 1969690000 ns, period = 6500000 ns (expected ~6510.42 ns)
Tick16x detected at 1976190000 ns, period = 6500000 ns (expected ~6510.42 ns)
Tick detected at 1979230000 ns, period = 104160000 ns (expected ~104166.67 ns)
Tick16x detected at 1982690000 ns, period = 6500000 ns (expected ~6510.42 ns)
Tick16x detected at 1989190000 ns, period = 6500000 ns (expected ~6510.42 ns)
Tick16x detected at 1995690000 ns, period = 6500000 ns (expected ~6510.42 ns)
Tick16x detected at 2002190000 ns, period = 6500000 ns (expected ~6510.42 ns)
Tick16x detected at 2008690000 ns, period = 6500000 ns (expected ~6510.42 ns)
Tick16x detected at 2015190000 ns, period = 6500000 ns (expected ~6510.42 ns)
Tick16x detected at 2021690000 ns, period = 6500000 ns (expected ~6510.42 ns)
Tick16x detected at 2028190000 ns, period = 6500000 ns (expected ~6510.42 ns)
Tick16x detected at 2034690000 ns, period = 6500000 ns (expected ~6510.42 ns)
Tick16x detected at 2041190000 ns, period = 6500000 ns (expected ~6510.42 ns)
Tick16x detected at 2047690000 ns, period = 6500000 ns (expected ~6510.42 ns)
Tick16x detected at 2054190000 ns, period = 6500000 ns (expected ~6510.42 ns)
Tick16x detected at 2060690000 ns, period = 6500000 ns (expected ~6510.42 ns)
Tick16x detected at 2067190000 ns, period = 6500000 ns (expected ~6510.42 ns)
Tick16x detected at 2073690000 ns, period = 6500000 ns (expected ~6510.42 ns)
Tick16x detected at 2080190000 ns, period = 6500000 ns (expected ~6510.42 ns)
Tick detected at 2083390000 ns, period = 104160000 ns (expected ~104166.67 ns)

Test Results:
  Collected 19 standard ticks
  Average tick period = 104160.00 ns (expected ~104166.67 ns)
  Collected 319 oversampling ticks
  Average tick_16x period = 6500.00 ns (expected ~6510.42 ns)

Error Analysis:
  Tick period error: -0.01%
  Tick_16x period error: -0.16%

Disabling baudrate generator...
Ticks successfully stopped when enable=0

Re-enabling baudrate generator...
Tick16x detected at 2610850000 ns, period = 530660000 ns (expected ~6510.42 ns)
Tick16x detected at 2617350000 ns, period = 6500000 ns (expected ~6510.42 ns)
Tick16x detected at 2623850000 ns, period = 6500000 ns (expected ~6510.42 ns)
Tick16x detected at 2630350000 ns, period = 6500000 ns (expected ~6510.42 ns)
Tick16x detected at 2636850000 ns, period = 6500000 ns (expected ~6510.42 ns)
Tick16x detected at 2643350000 ns, period = 6500000 ns (expected ~6510.42 ns)
Tick16x detected at 2649850000 ns, period = 6500000 ns (expected ~6510.42 ns)
Tick16x detected at 2656350000 ns, period = 6500000 ns (expected ~6510.42 ns)
Tick16x detected at 2662850000 ns, period = 6500000 ns (expected ~6510.42 ns)
Tick16x detected at 2669350000 ns, period = 6500000 ns (expected ~6510.42 ns)
Tick16x detected at 2675850000 ns, period = 6500000 ns (expected ~6510.42 ns)
Tick16x detected at 2682350000 ns, period = 6500000 ns (expected ~6510.42 ns)
Tick16x detected at 2688850000 ns, period = 6500000 ns (expected ~6510.42 ns)
Tick16x detected at 2695350000 ns, period = 6500000 ns (expected ~6510.42 ns)
Tick16x detected at 2701850000 ns, period = 6500000 ns (expected ~6510.42 ns)
Tick16x detected at 2708350000 ns, period = 6500000 ns (expected ~6510.42 ns)
Tick detected at 2708510000 ns, period = 625120000 ns (expected ~104166.67 ns)
Tick16x detected at 2714850000 ns, period = 6500000 ns (expected ~6510.42 ns)
Tick16x detected at 2721350000 ns, period = 6500000 ns (expected ~6510.42 ns)
Tick16x detected at 2727850000 ns, period = 6500000 ns (expected ~6510.42 ns)
Tick16x detected at 2734350000 ns, period = 6500000 ns (expected ~6510.42 ns)
Tick16x detected at 2740850000 ns, period = 6500000 ns (expected ~6510.42 ns)
Tick16x detected at 2747350000 ns, period = 6500000 ns (expected ~6510.42 ns)
Tick16x detected at 2753850000 ns, period = 6500000 ns (expected ~6510.42 ns)
Tick16x detected at 2760350000 ns, period = 6500000 ns (expected ~6510.42 ns)
Tick16x detected at 2766850000 ns, period = 6500000 ns (expected ~6510.42 ns)
Tick16x detected at 2773350000 ns, period = 6500000 ns (expected ~6510.42 ns)
Tick16x detected at 2779850000 ns, period = 6500000 ns (expected ~6510.42 ns)
Tick16x detected at 2786350000 ns, period = 6500000 ns (expected ~6510.42 ns)
Tick16x detected at 2792850000 ns, period = 6500000 ns (expected ~6510.42 ns)
Tick16x detected at 2799350000 ns, period = 6500000 ns (expected ~6510.42 ns)
Tick16x detected at 2805850000 ns, period = 6500000 ns (expected ~6510.42 ns)
Tick16x detected at 2812350000 ns, period = 6500000 ns (expected ~6510.42 ns)
Tick detected at 2812670000 ns, period = 104160000 ns (expected ~104166.67 ns)
Tick16x detected at 2818850000 ns, period = 6500000 ns (expected ~6510.42 ns)
Tick16x detected at 2825350000 ns, period = 6500000 ns (expected ~6510.42 ns)
Tick16x detected at 2831850000 ns, period = 6500000 ns (expected ~6510.42 ns)
Tick16x detected at 2838350000 ns, period = 6500000 ns (expected ~6510.42 ns)
Tick16x detected at 2844850000 ns, period = 6500000 ns (expected ~6510.42 ns)
Tick16x detected at 2851350000 ns, period = 6500000 ns (expected ~6510.42 ns)
Tick16x detected at 2857850000 ns, period = 6500000 ns (expected ~6510.42 ns)
Tick16x detected at 2864350000 ns, period = 6500000 ns (expected ~6510.42 ns)
Tick16x detected at 2870850000 ns, period = 6500000 ns (expected ~6510.42 ns)
Tick16x detected at 2877350000 ns, period = 6500000 ns (expected ~6510.42 ns)
Tick16x detected at 2883850000 ns, period = 6500000 ns (expected ~6510.42 ns)
Tick16x detected at 2890350000 ns, period = 6500000 ns (expected ~6510.42 ns)
Tick16x detected at 2896850000 ns, period = 6500000 ns (expected ~6510.42 ns)
Tick16x detected at 2903350000 ns, period = 6500000 ns (expected ~6510.42 ns)
Tick16x detected at 2909850000 ns, period = 6500000 ns (expected ~6510.42 ns)
Tick16x detected at 2916350000 ns, period = 6500000 ns (expected ~6510.42 ns)
Tick detected at 2916830000 ns, period = 104160000 ns (expected ~104166.67 ns)
Tick16x detected at 2922850000 ns, period = 6500000 ns (expected ~6510.42 ns)
Tick16x detected at 2929350000 ns, period = 6500000 ns (expected ~6510.42 ns)
Tick16x detected at 2935850000 ns, period = 6500000 ns (expected ~6510.42 ns)
Tick16x detected at 2942350000 ns, period = 6500000 ns (expected ~6510.42 ns)
Tick16x detected at 2948850000 ns, period = 6500000 ns (expected ~6510.42 ns)
Tick16x detected at 2955350000 ns, period = 6500000 ns (expected ~6510.42 ns)
Tick16x detected at 2961850000 ns, period = 6500000 ns (expected ~6510.42 ns)
Tick16x detected at 2968350000 ns, period = 6500000 ns (expected ~6510.42 ns)
Tick16x detected at 2974850000 ns, period = 6500000 ns (expected ~6510.42 ns)
Tick16x detected at 2981350000 ns, period = 6500000 ns (expected ~6510.42 ns)
Tick16x detected at 2987850000 ns, period = 6500000 ns (expected ~6510.42 ns)
Tick16x detected at 2994350000 ns, period = 6500000 ns (expected ~6510.42 ns)
Tick16x detected at 3000850000 ns, period = 6500000 ns (expected ~6510.42 ns)
Tick16x detected at 3007350000 ns, period = 6500000 ns (expected ~6510.42 ns)
Tick16x detected at 3013850000 ns, period = 6500000 ns (expected ~6510.42 ns)
Tick16x detected at 3020350000 ns, period = 6500000 ns (expected ~6510.42 ns)
Tick detected at 3020990000 ns, period = 104160000 ns (expected ~104166.67 ns)
Tick16x detected at 3026850000 ns, period = 6500000 ns (expected ~6510.42 ns)
Tick16x detected at 3033350000 ns, period = 6500000 ns (expected ~6510.42 ns)
Tick16x detected at 3039850000 ns, period = 6500000 ns (expected ~6510.42 ns)
Tick16x detected at 3046350000 ns, period = 6500000 ns (expected ~6510.42 ns)
Tick16x detected at 3052850000 ns, period = 6500000 ns (expected ~6510.42 ns)
Tick16x detected at 3059350000 ns, period = 6500000 ns (expected ~6510.42 ns)
Tick16x detected at 3065850000 ns, period = 6500000 ns (expected ~6510.42 ns)
Tick16x detected at 3072350000 ns, period = 6500000 ns (expected ~6510.42 ns)
Tick16x detected at 3078850000 ns, period = 6500000 ns (expected ~6510.42 ns)
Tick16x detected at 3085350000 ns, period = 6500000 ns (expected ~6510.42 ns)
Tick16x detected at 3091850000 ns, period = 6500000 ns (expected ~6510.42 ns)
Tick16x detected at 3098350000 ns, period = 6500000 ns (expected ~6510.42 ns)
Tick16x detected at 3104850000 ns, period = 6500000 ns (expected ~6510.42 ns)
Tick16x detected at 3111350000 ns, period = 6500000 ns (expected ~6510.42 ns)
Tick16x detected at 3117850000 ns, period = 6500000 ns (expected ~6510.42 ns)
Tick16x detected at 3124350000 ns, period = 6500000 ns (expected ~6510.42 ns)
Tick detected at 3125150000 ns, period = 104160000 ns (expected ~104166.67 ns)

Simulation complete
$finish called at time : 3125199999 ps : File "/home/workinglobster/uart-project/tb/unit_tests/baudrate_gen_tb.sv" Line 151
exit 0
INFO: [Common 17-206] Exiting xsim at Sun Mar  2 01:32:29 2025...
