#-----------------------------------------------------------
# xsim v2024.2 (64-bit)
# SW Build 5239630 on Fri Nov 08 22:34:34 MST 2024
# IP Build 5239520 on Sun Nov 10 16:12:51 MST 2024
# SharedData Build 5239561 on Fri Nov 08 14:39:27 MST 2024
# Start of session at: Sun Mar  2 01:29:54 2025
# Process ID         : 55632
# Current directory  : /home/workinglobster/uart-project/sim
# Command line       : xsim -mode tcl -source {xsim.dir/sim_snapshot/xsim_script.tcl}
# Log file           : /home/workinglobster/uart-project/sim/xsim.log
# Journal file       : /home/workinglobster/uart-project/sim/xsim.jou
# Running On         : PG-LAP-273
# Platform           : Debian
# Operating System   : Debian GNU/Linux 12 (bookworm)
# Processor Detail   : 11th Gen Intel(R) Core(TM) i5-1145G7 @ 2.60GHz
# CPU Frequency      : 1497.600 MHz
# CPU Physical cores : 4
# CPU Logical cores  : 8
# Host memory        : 8193 MB
# Swap memory        : 2147 MB
# Total Virtual      : 10341 MB
# Available Virtual  : 8646 MB
#-----------------------------------------------------------
source xsim.dir/sim_snapshot/xsim_script.tcl
# xsim {sim_snapshot} -autoloadwcfg -runall -onfinish quit
Time resolution is 1 ps
run -all
Testing baudrate_gen with:
  CLK_FREQ_HZ = 50,000,000 (50 MHz)
  BAUD_RATE = 9600
  OVERSAMPLING = 16
  Expected BAUD_DIV = 5207
  Expected BAUD_DIV_16X = 324
  Expected tick period = 104166.67 ns
  Expected tick_16x period = 6510.42 ns
Tick16x detected at 7750000 ns, period = 3780000 ns (expected ~6510.42 ns)
Tick16x detected at 11530000 ns, period = 3780000 ns (expected ~6510.42 ns)
Tick16x detected at 15310000 ns, period = 3780000 ns (expected ~6510.42 ns)
Tick16x detected at 19090000 ns, period = 3780000 ns (expected ~6510.42 ns)
Tick16x detected at 22870000 ns, period = 3780000 ns (expected ~6510.42 ns)
Tick16x detected at 26650000 ns, period = 3780000 ns (expected ~6510.42 ns)
Tick16x detected at 30430000 ns, period = 3780000 ns (expected ~6510.42 ns)
Tick16x detected at 34210000 ns, period = 3780000 ns (expected ~6510.42 ns)
Tick16x detected at 37990000 ns, period = 3780000 ns (expected ~6510.42 ns)
Tick16x detected at 41770000 ns, period = 3780000 ns (expected ~6510.42 ns)
Tick16x detected at 45550000 ns, period = 3780000 ns (expected ~6510.42 ns)
Tick16x detected at 49330000 ns, period = 3780000 ns (expected ~6510.42 ns)
Tick16x detected at 53110000 ns, period = 3780000 ns (expected ~6510.42 ns)
Tick16x detected at 56890000 ns, period = 3780000 ns (expected ~6510.42 ns)
Tick16x detected at 60670000 ns, period = 3780000 ns (expected ~6510.42 ns)
Tick16x detected at 64450000 ns, period = 3780000 ns (expected ~6510.42 ns)
Tick16x detected at 68230000 ns, period = 3780000 ns (expected ~6510.42 ns)
Tick16x detected at 72010000 ns, period = 3780000 ns (expected ~6510.42 ns)
Tick16x detected at 75790000 ns, period = 3780000 ns (expected ~6510.42 ns)
Tick16x detected at 79570000 ns, period = 3780000 ns (expected ~6510.42 ns)
Tick16x detected at 83350000 ns, period = 3780000 ns (expected ~6510.42 ns)
Tick16x detected at 87130000 ns, period = 3780000 ns (expected ~6510.42 ns)
Tick16x detected at 90910000 ns, period = 3780000 ns (expected ~6510.42 ns)
Tick16x detected at 94690000 ns, period = 3780000 ns (expected ~6510.42 ns)
Tick16x detected at 98470000 ns, period = 3780000 ns (expected ~6510.42 ns)
Tick16x detected at 102250000 ns, period = 3780000 ns (expected ~6510.42 ns)
Tick16x detected at 106030000 ns, period = 3780000 ns (expected ~6510.42 ns)
Tick16x detected at 109810000 ns, period = 3780000 ns (expected ~6510.42 ns)
Tick16x detected at 113590000 ns, period = 3780000 ns (expected ~6510.42 ns)
Tick16x detected at 117370000 ns, period = 3780000 ns (expected ~6510.42 ns)
Tick detected at 119630000 ns, period = 59720000 ns (expected ~104166.67 ns)
Tick16x detected at 121150000 ns, period = 3780000 ns (expected ~6510.42 ns)
Tick16x detected at 124930000 ns, period = 3780000 ns (expected ~6510.42 ns)
Tick16x detected at 128710000 ns, period = 3780000 ns (expected ~6510.42 ns)
Tick16x detected at 132490000 ns, period = 3780000 ns (expected ~6510.42 ns)
Tick16x detected at 136270000 ns, period = 3780000 ns (expected ~6510.42 ns)
Tick16x detected at 140050000 ns, period = 3780000 ns (expected ~6510.42 ns)
Tick16x detected at 143830000 ns, period = 3780000 ns (expected ~6510.42 ns)
Tick16x detected at 147610000 ns, period = 3780000 ns (expected ~6510.42 ns)
Tick16x detected at 151390000 ns, period = 3780000 ns (expected ~6510.42 ns)
Tick16x detected at 155170000 ns, period = 3780000 ns (expected ~6510.42 ns)
Tick16x detected at 158950000 ns, period = 3780000 ns (expected ~6510.42 ns)
Tick16x detected at 162730000 ns, period = 3780000 ns (expected ~6510.42 ns)
Tick16x detected at 166510000 ns, period = 3780000 ns (expected ~6510.42 ns)
Tick16x detected at 170290000 ns, period = 3780000 ns (expected ~6510.42 ns)
Tick16x detected at 174070000 ns, period = 3780000 ns (expected ~6510.42 ns)
Tick16x detected at 177850000 ns, period = 3780000 ns (expected ~6510.42 ns)
Tick detected at 179350000 ns, period = 59720000 ns (expected ~104166.67 ns)
Tick16x detected at 181630000 ns, period = 3780000 ns (expected ~6510.42 ns)
Tick16x detected at 185410000 ns, period = 3780000 ns (expected ~6510.42 ns)
Tick16x detected at 189190000 ns, period = 3780000 ns (expected ~6510.42 ns)
Tick16x detected at 192970000 ns, period = 3780000 ns (expected ~6510.42 ns)
Tick16x detected at 196750000 ns, period = 3780000 ns (expected ~6510.42 ns)
Tick16x detected at 200530000 ns, period = 3780000 ns (expected ~6510.42 ns)
Tick16x detected at 204310000 ns, period = 3780000 ns (expected ~6510.42 ns)
Tick16x detected at 208090000 ns, period = 3780000 ns (expected ~6510.42 ns)
Tick16x detected at 211870000 ns, period = 3780000 ns (expected ~6510.42 ns)
Tick16x detected at 215650000 ns, period = 3780000 ns (expected ~6510.42 ns)
Tick16x detected at 219430000 ns, period = 3780000 ns (expected ~6510.42 ns)
Tick16x detected at 223210000 ns, period = 3780000 ns (expected ~6510.42 ns)
Tick16x detected at 226990000 ns, period = 3780000 ns (expected ~6510.42 ns)
Tick16x detected at 230770000 ns, period = 3780000 ns (expected ~6510.42 ns)
Tick16x detected at 234550000 ns, period = 3780000 ns (expected ~6510.42 ns)
Tick16x detected at 238330000 ns, period = 3780000 ns (expected ~6510.42 ns)
Tick detected at 239070000 ns, period = 59720000 ns (expected ~104166.67 ns)
Tick16x detected at 242110000 ns, period = 3780000 ns (expected ~6510.42 ns)
Tick16x detected at 245890000 ns, period = 3780000 ns (expected ~6510.42 ns)
Tick16x detected at 249670000 ns, period = 3780000 ns (expected ~6510.42 ns)
Tick16x detected at 253450000 ns, period = 3780000 ns (expected ~6510.42 ns)
Tick16x detected at 257230000 ns, period = 3780000 ns (expected ~6510.42 ns)
Tick16x detected at 261010000 ns, period = 3780000 ns (expected ~6510.42 ns)
Tick16x detected at 264790000 ns, period = 3780000 ns (expected ~6510.42 ns)
Tick16x detected at 268570000 ns, period = 3780000 ns (expected ~6510.42 ns)
Tick16x detected at 272350000 ns, period = 3780000 ns (expected ~6510.42 ns)
Tick16x detected at 276130000 ns, period = 3780000 ns (expected ~6510.42 ns)
Tick16x detected at 279910000 ns, period = 3780000 ns (expected ~6510.42 ns)
Tick16x detected at 283690000 ns, period = 3780000 ns (expected ~6510.42 ns)
Tick16x detected at 287470000 ns, period = 3780000 ns (expected ~6510.42 ns)
Tick16x detected at 291250000 ns, period = 3780000 ns (expected ~6510.42 ns)
Tick16x detected at 295030000 ns, period = 3780000 ns (expected ~6510.42 ns)
Tick detected at 298790000 ns, period = 59720000 ns (expected ~104166.67 ns)
Tick16x detected at 298810000 ns, period = 3780000 ns (expected ~6510.42 ns)
Tick16x detected at 302590000 ns, period = 3780000 ns (expected ~6510.42 ns)
Tick16x detected at 306370000 ns, period = 3780000 ns (expected ~6510.42 ns)
Tick16x detected at 310150000 ns, period = 3780000 ns (expected ~6510.42 ns)
Tick16x detected at 313930000 ns, period = 3780000 ns (expected ~6510.42 ns)
Tick16x detected at 317710000 ns, period = 3780000 ns (expected ~6510.42 ns)
Tick16x detected at 321490000 ns, period = 3780000 ns (expected ~6510.42 ns)
Tick16x detected at 325270000 ns, period = 3780000 ns (expected ~6510.42 ns)
Tick16x detected at 329050000 ns, period = 3780000 ns (expected ~6510.42 ns)
Tick16x detected at 332830000 ns, period = 3780000 ns (expected ~6510.42 ns)
Tick16x detected at 336610000 ns, period = 3780000 ns (expected ~6510.42 ns)
Tick16x detected at 340390000 ns, period = 3780000 ns (expected ~6510.42 ns)
Tick16x detected at 344170000 ns, period = 3780000 ns (expected ~6510.42 ns)
Tick16x detected at 347950000 ns, period = 3780000 ns (expected ~6510.42 ns)
Tick16x detected at 351730000 ns, period = 3780000 ns (expected ~6510.42 ns)
Tick16x detected at 355510000 ns, period = 3780000 ns (expected ~6510.42 ns)
Tick detected at 358510000 ns, period = 59720000 ns (expected ~104166.67 ns)
Tick16x detected at 359290000 ns, period = 3780000 ns (expected ~6510.42 ns)
Tick16x detected at 363070000 ns, period = 3780000 ns (expected ~6510.42 ns)
Tick16x detected at 366850000 ns, period = 3780000 ns (expected ~6510.42 ns)
Tick16x detected at 370630000 ns, period = 3780000 ns (expected ~6510.42 ns)
Tick16x detected at 374410000 ns, period = 3780000 ns (expected ~6510.42 ns)
Tick16x detected at 378190000 ns, period = 3780000 ns (expected ~6510.42 ns)
Tick16x detected at 381970000 ns, period = 3780000 ns (expected ~6510.42 ns)
Tick16x detected at 385750000 ns, period = 3780000 ns (expected ~6510.42 ns)
Tick16x detected at 389530000 ns, period = 3780000 ns (expected ~6510.42 ns)
Tick16x detected at 393310000 ns, period = 3780000 ns (expected ~6510.42 ns)
Tick16x detected at 397090000 ns, period = 3780000 ns (expected ~6510.42 ns)
Tick16x detected at 400870000 ns, period = 3780000 ns (expected ~6510.42 ns)
Tick16x detected at 404650000 ns, period = 3780000 ns (expected ~6510.42 ns)
Tick16x detected at 408430000 ns, period = 3780000 ns (expected ~6510.42 ns)
Tick16x detected at 412210000 ns, period = 3780000 ns (expected ~6510.42 ns)
Tick16x detected at 415990000 ns, period = 3780000 ns (expected ~6510.42 ns)
Tick detected at 418230000 ns, period = 59720000 ns (expected ~104166.67 ns)
Tick16x detected at 419770000 ns, period = 3780000 ns (expected ~6510.42 ns)
Tick16x detected at 423550000 ns, period = 3780000 ns (expected ~6510.42 ns)
Tick16x detected at 427330000 ns, period = 3780000 ns (expected ~6510.42 ns)
Tick16x detected at 431110000 ns, period = 3780000 ns (expected ~6510.42 ns)
Tick16x detected at 434890000 ns, period = 3780000 ns (expected ~6510.42 ns)
Tick16x detected at 438670000 ns, period = 3780000 ns (expected ~6510.42 ns)
Tick16x detected at 442450000 ns, period = 3780000 ns (expected ~6510.42 ns)
Tick16x detected at 446230000 ns, period = 3780000 ns (expected ~6510.42 ns)
Tick16x detected at 450010000 ns, period = 3780000 ns (expected ~6510.42 ns)
Tick16x detected at 453790000 ns, period = 3780000 ns (expected ~6510.42 ns)
Tick16x detected at 457570000 ns, period = 3780000 ns (expected ~6510.42 ns)
Tick16x detected at 461350000 ns, period = 3780000 ns (expected ~6510.42 ns)
Tick16x detected at 465130000 ns, period = 3780000 ns (expected ~6510.42 ns)
Tick16x detected at 468910000 ns, period = 3780000 ns (expected ~6510.42 ns)
Tick16x detected at 472690000 ns, period = 3780000 ns (expected ~6510.42 ns)
Tick16x detected at 476470000 ns, period = 3780000 ns (expected ~6510.42 ns)
Tick detected at 477950000 ns, period = 59720000 ns (expected ~104166.67 ns)
Tick16x detected at 480250000 ns, period = 3780000 ns (expected ~6510.42 ns)
Tick16x detected at 484030000 ns, period = 3780000 ns (expected ~6510.42 ns)
Tick16x detected at 487810000 ns, period = 3780000 ns (expected ~6510.42 ns)
Tick16x detected at 491590000 ns, period = 3780000 ns (expected ~6510.42 ns)
Tick16x detected at 495370000 ns, period = 3780000 ns (expected ~6510.42 ns)
Tick16x detected at 499150000 ns, period = 3780000 ns (expected ~6510.42 ns)
Tick16x detected at 502930000 ns, period = 3780000 ns (expected ~6510.42 ns)
Tick16x detected at 506710000 ns, period = 3780000 ns (expected ~6510.42 ns)
Tick16x detected at 510490000 ns, period = 3780000 ns (expected ~6510.42 ns)
Tick16x detected at 514270000 ns, period = 3780000 ns (expected ~6510.42 ns)
Tick16x detected at 518050000 ns, period = 3780000 ns (expected ~6510.42 ns)
Tick16x detected at 521830000 ns, period = 3780000 ns (expected ~6510.42 ns)
Tick16x detected at 525610000 ns, period = 3780000 ns (expected ~6510.42 ns)
Tick16x detected at 529390000 ns, period = 3780000 ns (expected ~6510.42 ns)
Tick16x detected at 533170000 ns, period = 3780000 ns (expected ~6510.42 ns)
Tick16x detected at 536950000 ns, period = 3780000 ns (expected ~6510.42 ns)
Tick detected at 537670000 ns, period = 59720000 ns (expected ~104166.67 ns)
Tick16x detected at 540730000 ns, period = 3780000 ns (expected ~6510.42 ns)
Tick16x detected at 544510000 ns, period = 3780000 ns (expected ~6510.42 ns)
Tick16x detected at 548290000 ns, period = 3780000 ns (expected ~6510.42 ns)
Tick16x detected at 552070000 ns, period = 3780000 ns (expected ~6510.42 ns)
Tick16x detected at 555850000 ns, period = 3780000 ns (expected ~6510.42 ns)
Tick16x detected at 559630000 ns, period = 3780000 ns (expected ~6510.42 ns)
Tick16x detected at 563410000 ns, period = 3780000 ns (expected ~6510.42 ns)
Tick16x detected at 567190000 ns, period = 3780000 ns (expected ~6510.42 ns)
Tick16x detected at 570970000 ns, period = 3780000 ns (expected ~6510.42 ns)
Tick16x detected at 574750000 ns, period = 3780000 ns (expected ~6510.42 ns)
Tick16x detected at 578530000 ns, period = 3780000 ns (expected ~6510.42 ns)
Tick16x detected at 582310000 ns, period = 3780000 ns (expected ~6510.42 ns)
Tick16x detected at 586090000 ns, period = 3780000 ns (expected ~6510.42 ns)
Tick16x detected at 589870000 ns, period = 3780000 ns (expected ~6510.42 ns)
Tick16x detected at 593650000 ns, period = 3780000 ns (expected ~6510.42 ns)
Tick detected at 597390000 ns, period = 59720000 ns (expected ~104166.67 ns)
Tick16x detected at 597430000 ns, period = 3780000 ns (expected ~6510.42 ns)
Tick16x detected at 601210000 ns, period = 3780000 ns (expected ~6510.42 ns)
Tick16x detected at 604990000 ns, period = 3780000 ns (expected ~6510.42 ns)
Tick16x detected at 608770000 ns, period = 3780000 ns (expected ~6510.42 ns)
Tick16x detected at 612550000 ns, period = 3780000 ns (expected ~6510.42 ns)
Tick16x detected at 616330000 ns, period = 3780000 ns (expected ~6510.42 ns)
Tick16x detected at 620110000 ns, period = 3780000 ns (expected ~6510.42 ns)
Tick16x detected at 623890000 ns, period = 3780000 ns (expected ~6510.42 ns)
Tick16x detected at 627670000 ns, period = 3780000 ns (expected ~6510.42 ns)
Tick16x detected at 631450000 ns, period = 3780000 ns (expected ~6510.42 ns)
Tick16x detected at 635230000 ns, period = 3780000 ns (expected ~6510.42 ns)
Tick16x detected at 639010000 ns, period = 3780000 ns (expected ~6510.42 ns)
Tick16x detected at 642790000 ns, period = 3780000 ns (expected ~6510.42 ns)
Tick16x detected at 646570000 ns, period = 3780000 ns (expected ~6510.42 ns)
Tick16x detected at 650350000 ns, period = 3780000 ns (expected ~6510.42 ns)
Tick16x detected at 654130000 ns, period = 3780000 ns (expected ~6510.42 ns)
Tick detected at 657110000 ns, period = 59720000 ns (expected ~104166.67 ns)
Tick16x detected at 657910000 ns, period = 3780000 ns (expected ~6510.42 ns)
Tick16x detected at 661690000 ns, period = 3780000 ns (expected ~6510.42 ns)
Tick16x detected at 665470000 ns, period = 3780000 ns (expected ~6510.42 ns)
Tick16x detected at 669250000 ns, period = 3780000 ns (expected ~6510.42 ns)
Tick16x detected at 673030000 ns, period = 3780000 ns (expected ~6510.42 ns)
Tick16x detected at 676810000 ns, period = 3780000 ns (expected ~6510.42 ns)
Tick16x detected at 680590000 ns, period = 3780000 ns (expected ~6510.42 ns)
Tick16x detected at 684370000 ns, period = 3780000 ns (expected ~6510.42 ns)
Tick16x detected at 688150000 ns, period = 3780000 ns (expected ~6510.42 ns)
Tick16x detected at 691930000 ns, period = 3780000 ns (expected ~6510.42 ns)
Tick16x detected at 695710000 ns, period = 3780000 ns (expected ~6510.42 ns)
Tick16x detected at 699490000 ns, period = 3780000 ns (expected ~6510.42 ns)
Tick16x detected at 703270000 ns, period = 3780000 ns (expected ~6510.42 ns)
Tick16x detected at 707050000 ns, period = 3780000 ns (expected ~6510.42 ns)
Tick16x detected at 710830000 ns, period = 3780000 ns (expected ~6510.42 ns)
Tick16x detected at 714610000 ns, period = 3780000 ns (expected ~6510.42 ns)
Tick detected at 716830000 ns, period = 59720000 ns (expected ~104166.67 ns)
Tick16x detected at 718390000 ns, period = 3780000 ns (expected ~6510.42 ns)
Tick16x detected at 722170000 ns, period = 3780000 ns (expected ~6510.42 ns)
Tick16x detected at 725950000 ns, period = 3780000 ns (expected ~6510.42 ns)
Tick16x detected at 729730000 ns, period = 3780000 ns (expected ~6510.42 ns)
Tick16x detected at 733510000 ns, period = 3780000 ns (expected ~6510.42 ns)
Tick16x detected at 737290000 ns, period = 3780000 ns (expected ~6510.42 ns)
Tick16x detected at 741070000 ns, period = 3780000 ns (expected ~6510.42 ns)
Tick16x detected at 744850000 ns, period = 3780000 ns (expected ~6510.42 ns)
Tick16x detected at 748630000 ns, period = 3780000 ns (expected ~6510.42 ns)
Tick16x detected at 752410000 ns, period = 3780000 ns (expected ~6510.42 ns)
Tick16x detected at 756190000 ns, period = 3780000 ns (expected ~6510.42 ns)
Tick16x detected at 759970000 ns, period = 3780000 ns (expected ~6510.42 ns)
Tick16x detected at 763750000 ns, period = 3780000 ns (expected ~6510.42 ns)
Tick16x detected at 767530000 ns, period = 3780000 ns (expected ~6510.42 ns)
Tick16x detected at 771310000 ns, period = 3780000 ns (expected ~6510.42 ns)
Tick16x detected at 775090000 ns, period = 3780000 ns (expected ~6510.42 ns)
Tick detected at 776550000 ns, period = 59720000 ns (expected ~104166.67 ns)
Tick16x detected at 778870000 ns, period = 3780000 ns (expected ~6510.42 ns)
Tick16x detected at 782650000 ns, period = 3780000 ns (expected ~6510.42 ns)
Tick16x detected at 786430000 ns, period = 3780000 ns (expected ~6510.42 ns)
Tick16x detected at 790210000 ns, period = 3780000 ns (expected ~6510.42 ns)
Tick16x detected at 793990000 ns, period = 3780000 ns (expected ~6510.42 ns)
Tick16x detected at 797770000 ns, period = 3780000 ns (expected ~6510.42 ns)
Tick16x detected at 801550000 ns, period = 3780000 ns (expected ~6510.42 ns)
Tick16x detected at 805330000 ns, period = 3780000 ns (expected ~6510.42 ns)
Tick16x detected at 809110000 ns, period = 3780000 ns (expected ~6510.42 ns)
Tick16x detected at 812890000 ns, period = 3780000 ns (expected ~6510.42 ns)
Tick16x detected at 816670000 ns, period = 3780000 ns (expected ~6510.42 ns)
Tick16x detected at 820450000 ns, period = 3780000 ns (expected ~6510.42 ns)
Tick16x detected at 824230000 ns, period = 3780000 ns (expected ~6510.42 ns)
Tick16x detected at 828010000 ns, period = 3780000 ns (expected ~6510.42 ns)
Tick16x detected at 831790000 ns, period = 3780000 ns (expected ~6510.42 ns)
Tick16x detected at 835570000 ns, period = 3780000 ns (expected ~6510.42 ns)
Tick detected at 836270000 ns, period = 59720000 ns (expected ~104166.67 ns)
Tick16x detected at 839350000 ns, period = 3780000 ns (expected ~6510.42 ns)
Tick16x detected at 843130000 ns, period = 3780000 ns (expected ~6510.42 ns)
Tick16x detected at 846910000 ns, period = 3780000 ns (expected ~6510.42 ns)
Tick16x detected at 850690000 ns, period = 3780000 ns (expected ~6510.42 ns)
Tick16x detected at 854470000 ns, period = 3780000 ns (expected ~6510.42 ns)
Tick16x detected at 858250000 ns, period = 3780000 ns (expected ~6510.42 ns)
Tick16x detected at 862030000 ns, period = 3780000 ns (expected ~6510.42 ns)
Tick16x detected at 865810000 ns, period = 3780000 ns (expected ~6510.42 ns)
Tick16x detected at 869590000 ns, period = 3780000 ns (expected ~6510.42 ns)
Tick16x detected at 873370000 ns, period = 3780000 ns (expected ~6510.42 ns)
Tick16x detected at 877150000 ns, period = 3780000 ns (expected ~6510.42 ns)
Tick16x detected at 880930000 ns, period = 3780000 ns (expected ~6510.42 ns)
Tick16x detected at 884710000 ns, period = 3780000 ns (expected ~6510.42 ns)
Tick16x detected at 888490000 ns, period = 3780000 ns (expected ~6510.42 ns)
Tick16x detected at 892270000 ns, period = 3780000 ns (expected ~6510.42 ns)
Tick detected at 895990000 ns, period = 59720000 ns (expected ~104166.67 ns)
Tick16x detected at 896050000 ns, period = 3780000 ns (expected ~6510.42 ns)
Tick16x detected at 899830000 ns, period = 3780000 ns (expected ~6510.42 ns)
Tick16x detected at 903610000 ns, period = 3780000 ns (expected ~6510.42 ns)
Tick16x detected at 907390000 ns, period = 3780000 ns (expected ~6510.42 ns)
Tick16x detected at 911170000 ns, period = 3780000 ns (expected ~6510.42 ns)
Tick16x detected at 914950000 ns, period = 3780000 ns (expected ~6510.42 ns)
Tick16x detected at 918730000 ns, period = 3780000 ns (expected ~6510.42 ns)
Tick16x detected at 922510000 ns, period = 3780000 ns (expected ~6510.42 ns)
Tick16x detected at 926290000 ns, period = 3780000 ns (expected ~6510.42 ns)
Tick16x detected at 930070000 ns, period = 3780000 ns (expected ~6510.42 ns)
Tick16x detected at 933850000 ns, period = 3780000 ns (expected ~6510.42 ns)
Tick16x detected at 937630000 ns, period = 3780000 ns (expected ~6510.42 ns)
Tick16x detected at 941410000 ns, period = 3780000 ns (expected ~6510.42 ns)
Tick16x detected at 945190000 ns, period = 3780000 ns (expected ~6510.42 ns)
Tick16x detected at 948970000 ns, period = 3780000 ns (expected ~6510.42 ns)
Tick16x detected at 952750000 ns, period = 3780000 ns (expected ~6510.42 ns)
Tick detected at 955710000 ns, period = 59720000 ns (expected ~104166.67 ns)
Tick16x detected at 956530000 ns, period = 3780000 ns (expected ~6510.42 ns)
Tick16x detected at 960310000 ns, period = 3780000 ns (expected ~6510.42 ns)
Tick16x detected at 964090000 ns, period = 3780000 ns (expected ~6510.42 ns)
Tick16x detected at 967870000 ns, period = 3780000 ns (expected ~6510.42 ns)
Tick16x detected at 971650000 ns, period = 3780000 ns (expected ~6510.42 ns)
Tick16x detected at 975430000 ns, period = 3780000 ns (expected ~6510.42 ns)
Tick16x detected at 979210000 ns, period = 3780000 ns (expected ~6510.42 ns)
Tick16x detected at 982990000 ns, period = 3780000 ns (expected ~6510.42 ns)
Tick16x detected at 986770000 ns, period = 3780000 ns (expected ~6510.42 ns)
Tick16x detected at 990550000 ns, period = 3780000 ns (expected ~6510.42 ns)
Tick16x detected at 994330000 ns, period = 3780000 ns (expected ~6510.42 ns)
Tick16x detected at 998110000 ns, period = 3780000 ns (expected ~6510.42 ns)
Tick16x detected at 1001890000 ns, period = 3780000 ns (expected ~6510.42 ns)
Tick16x detected at 1005670000 ns, period = 3780000 ns (expected ~6510.42 ns)
Tick16x detected at 1009450000 ns, period = 3780000 ns (expected ~6510.42 ns)
Tick16x detected at 1013230000 ns, period = 3780000 ns (expected ~6510.42 ns)
Tick detected at 1015430000 ns, period = 59720000 ns (expected ~104166.67 ns)
Tick16x detected at 1017010000 ns, period = 3780000 ns (expected ~6510.42 ns)
Tick16x detected at 1020790000 ns, period = 3780000 ns (expected ~6510.42 ns)
Tick16x detected at 1024570000 ns, period = 3780000 ns (expected ~6510.42 ns)
Tick16x detected at 1028350000 ns, period = 3780000 ns (expected ~6510.42 ns)
Tick16x detected at 1032130000 ns, period = 3780000 ns (expected ~6510.42 ns)
Tick16x detected at 1035910000 ns, period = 3780000 ns (expected ~6510.42 ns)
Tick16x detected at 1039690000 ns, period = 3780000 ns (expected ~6510.42 ns)
Tick16x detected at 1043470000 ns, period = 3780000 ns (expected ~6510.42 ns)
Tick16x detected at 1047250000 ns, period = 3780000 ns (expected ~6510.42 ns)
Tick16x detected at 1051030000 ns, period = 3780000 ns (expected ~6510.42 ns)
Tick16x detected at 1054810000 ns, period = 3780000 ns (expected ~6510.42 ns)
Tick16x detected at 1058590000 ns, period = 3780000 ns (expected ~6510.42 ns)
Tick16x detected at 1062370000 ns, period = 3780000 ns (expected ~6510.42 ns)
Tick16x detected at 1066150000 ns, period = 3780000 ns (expected ~6510.42 ns)
Tick16x detected at 1069930000 ns, period = 3780000 ns (expected ~6510.42 ns)
Tick16x detected at 1073710000 ns, period = 3780000 ns (expected ~6510.42 ns)
Tick detected at 1075150000 ns, period = 59720000 ns (expected ~104166.67 ns)
Tick16x detected at 1077490000 ns, period = 3780000 ns (expected ~6510.42 ns)
Tick16x detected at 1081270000 ns, period = 3780000 ns (expected ~6510.42 ns)
Tick16x detected at 1085050000 ns, period = 3780000 ns (expected ~6510.42 ns)
Tick16x detected at 1088830000 ns, period = 3780000 ns (expected ~6510.42 ns)
Tick16x detected at 1092610000 ns, period = 3780000 ns (expected ~6510.42 ns)
Tick16x detected at 1096390000 ns, period = 3780000 ns (expected ~6510.42 ns)
Tick16x detected at 1100170000 ns, period = 3780000 ns (expected ~6510.42 ns)
Tick16x detected at 1103950000 ns, period = 3780000 ns (expected ~6510.42 ns)
Tick16x detected at 1107730000 ns, period = 3780000 ns (expected ~6510.42 ns)
Tick16x detected at 1111510000 ns, period = 3780000 ns (expected ~6510.42 ns)
Tick16x detected at 1115290000 ns, period = 3780000 ns (expected ~6510.42 ns)
Tick16x detected at 1119070000 ns, period = 3780000 ns (expected ~6510.42 ns)
Tick16x detected at 1122850000 ns, period = 3780000 ns (expected ~6510.42 ns)
Tick16x detected at 1126630000 ns, period = 3780000 ns (expected ~6510.42 ns)
Tick16x detected at 1130410000 ns, period = 3780000 ns (expected ~6510.42 ns)
Tick16x detected at 1134190000 ns, period = 3780000 ns (expected ~6510.42 ns)
Tick detected at 1134870000 ns, period = 59720000 ns (expected ~104166.67 ns)
Tick16x detected at 1137970000 ns, period = 3780000 ns (expected ~6510.42 ns)
Tick16x detected at 1141750000 ns, period = 3780000 ns (expected ~6510.42 ns)
Tick16x detected at 1145530000 ns, period = 3780000 ns (expected ~6510.42 ns)
Tick16x detected at 1149310000 ns, period = 3780000 ns (expected ~6510.42 ns)
Tick16x detected at 1153090000 ns, period = 3780000 ns (expected ~6510.42 ns)
Tick16x detected at 1156870000 ns, period = 3780000 ns (expected ~6510.42 ns)
Tick16x detected at 1160650000 ns, period = 3780000 ns (expected ~6510.42 ns)
Tick16x detected at 1164430000 ns, period = 3780000 ns (expected ~6510.42 ns)
Tick16x detected at 1168210000 ns, period = 3780000 ns (expected ~6510.42 ns)
Tick16x detected at 1171990000 ns, period = 3780000 ns (expected ~6510.42 ns)
Tick16x detected at 1175770000 ns, period = 3780000 ns (expected ~6510.42 ns)
Tick16x detected at 1179550000 ns, period = 3780000 ns (expected ~6510.42 ns)
Tick16x detected at 1183330000 ns, period = 3780000 ns (expected ~6510.42 ns)
Tick16x detected at 1187110000 ns, period = 3780000 ns (expected ~6510.42 ns)
Tick16x detected at 1190890000 ns, period = 3780000 ns (expected ~6510.42 ns)
Tick detected at 1194590000 ns, period = 59720000 ns (expected ~104166.67 ns)
Tick16x detected at 1194670000 ns, period = 3780000 ns (expected ~6510.42 ns)
Tick16x detected at 1198450000 ns, period = 3780000 ns (expected ~6510.42 ns)
Tick16x detected at 1202230000 ns, period = 3780000 ns (expected ~6510.42 ns)
Tick16x detected at 1206010000 ns, period = 3780000 ns (expected ~6510.42 ns)
Tick16x detected at 1209790000 ns, period = 3780000 ns (expected ~6510.42 ns)
Tick16x detected at 1213570000 ns, period = 3780000 ns (expected ~6510.42 ns)
Tick16x detected at 1217350000 ns, period = 3780000 ns (expected ~6510.42 ns)
Tick16x detected at 1221130000 ns, period = 3780000 ns (expected ~6510.42 ns)
Tick16x detected at 1224910000 ns, period = 3780000 ns (expected ~6510.42 ns)
Tick16x detected at 1228690000 ns, period = 3780000 ns (expected ~6510.42 ns)
Tick16x detected at 1232470000 ns, period = 3780000 ns (expected ~6510.42 ns)
Tick16x detected at 1236250000 ns, period = 3780000 ns (expected ~6510.42 ns)
Tick16x detected at 1240030000 ns, period = 3780000 ns (expected ~6510.42 ns)
Tick16x detected at 1243810000 ns, period = 3780000 ns (expected ~6510.42 ns)
Tick16x detected at 1247590000 ns, period = 3780000 ns (expected ~6510.42 ns)
Tick16x detected at 1251370000 ns, period = 3780000 ns (expected ~6510.42 ns)
Tick detected at 1254310000 ns, period = 59720000 ns (expected ~104166.67 ns)
Tick16x detected at 1255150000 ns, period = 3780000 ns (expected ~6510.42 ns)
Tick16x detected at 1258930000 ns, period = 3780000 ns (expected ~6510.42 ns)
Tick16x detected at 1262710000 ns, period = 3780000 ns (expected ~6510.42 ns)
Tick16x detected at 1266490000 ns, period = 3780000 ns (expected ~6510.42 ns)
Tick16x detected at 1270270000 ns, period = 3780000 ns (expected ~6510.42 ns)
Tick16x detected at 1274050000 ns, period = 3780000 ns (expected ~6510.42 ns)
Tick16x detected at 1277830000 ns, period = 3780000 ns (expected ~6510.42 ns)
Tick16x detected at 1281610000 ns, period = 3780000 ns (expected ~6510.42 ns)
Tick16x detected at 1285390000 ns, period = 3780000 ns (expected ~6510.42 ns)
Tick16x detected at 1289170000 ns, period = 3780000 ns (expected ~6510.42 ns)
Tick16x detected at 1292950000 ns, period = 3780000 ns (expected ~6510.42 ns)
Tick16x detected at 1296730000 ns, period = 3780000 ns (expected ~6510.42 ns)
Tick16x detected at 1300510000 ns, period = 3780000 ns (expected ~6510.42 ns)
Tick16x detected at 1304290000 ns, period = 3780000 ns (expected ~6510.42 ns)
Tick16x detected at 1308070000 ns, period = 3780000 ns (expected ~6510.42 ns)
Tick16x detected at 1311850000 ns, period = 3780000 ns (expected ~6510.42 ns)
Tick detected at 1314030000 ns, period = 59720000 ns (expected ~104166.67 ns)
Tick16x detected at 1315630000 ns, period = 3780000 ns (expected ~6510.42 ns)
Tick16x detected at 1319410000 ns, period = 3780000 ns (expected ~6510.42 ns)
Tick16x detected at 1323190000 ns, period = 3780000 ns (expected ~6510.42 ns)
Tick16x detected at 1326970000 ns, period = 3780000 ns (expected ~6510.42 ns)
Tick16x detected at 1330750000 ns, period = 3780000 ns (expected ~6510.42 ns)
Tick16x detected at 1334530000 ns, period = 3780000 ns (expected ~6510.42 ns)
Tick16x detected at 1338310000 ns, period = 3780000 ns (expected ~6510.42 ns)
Tick16x detected at 1342090000 ns, period = 3780000 ns (expected ~6510.42 ns)
Tick16x detected at 1345870000 ns, period = 3780000 ns (expected ~6510.42 ns)
Tick16x detected at 1349650000 ns, period = 3780000 ns (expected ~6510.42 ns)
Tick16x detected at 1353430000 ns, period = 3780000 ns (expected ~6510.42 ns)
Tick16x detected at 1357210000 ns, period = 3780000 ns (expected ~6510.42 ns)
Tick16x detected at 1360990000 ns, period = 3780000 ns (expected ~6510.42 ns)
Tick16x detected at 1364770000 ns, period = 3780000 ns (expected ~6510.42 ns)
Tick16x detected at 1368550000 ns, period = 3780000 ns (expected ~6510.42 ns)
Tick16x detected at 1372330000 ns, period = 3780000 ns (expected ~6510.42 ns)
Tick detected at 1373750000 ns, period = 59720000 ns (expected ~104166.67 ns)
Tick16x detected at 1376110000 ns, period = 3780000 ns (expected ~6510.42 ns)
Tick16x detected at 1379890000 ns, period = 3780000 ns (expected ~6510.42 ns)
Tick16x detected at 1383670000 ns, period = 3780000 ns (expected ~6510.42 ns)
Tick16x detected at 1387450000 ns, period = 3780000 ns (expected ~6510.42 ns)
Tick16x detected at 1391230000 ns, period = 3780000 ns (expected ~6510.42 ns)
Tick16x detected at 1395010000 ns, period = 3780000 ns (expected ~6510.42 ns)
Tick16x detected at 1398790000 ns, period = 3780000 ns (expected ~6510.42 ns)
Tick16x detected at 1402570000 ns, period = 3780000 ns (expected ~6510.42 ns)
Tick16x detected at 1406350000 ns, period = 3780000 ns (expected ~6510.42 ns)
Tick16x detected at 1410130000 ns, period = 3780000 ns (expected ~6510.42 ns)
Tick16x detected at 1413910000 ns, period = 3780000 ns (expected ~6510.42 ns)
Tick16x detected at 1417690000 ns, period = 3780000 ns (expected ~6510.42 ns)
Tick16x detected at 1421470000 ns, period = 3780000 ns (expected ~6510.42 ns)
Tick16x detected at 1425250000 ns, period = 3780000 ns (expected ~6510.42 ns)
Tick16x detected at 1429030000 ns, period = 3780000 ns (expected ~6510.42 ns)
Tick16x detected at 1432810000 ns, period = 3780000 ns (expected ~6510.42 ns)
Tick detected at 1433470000 ns, period = 59720000 ns (expected ~104166.67 ns)
Tick16x detected at 1436590000 ns, period = 3780000 ns (expected ~6510.42 ns)
Tick16x detected at 1440370000 ns, period = 3780000 ns (expected ~6510.42 ns)
Tick16x detected at 1444150000 ns, period = 3780000 ns (expected ~6510.42 ns)
Tick16x detected at 1447930000 ns, period = 3780000 ns (expected ~6510.42 ns)
Tick16x detected at 1451710000 ns, period = 3780000 ns (expected ~6510.42 ns)
Tick16x detected at 1455490000 ns, period = 3780000 ns (expected ~6510.42 ns)
Tick16x detected at 1459270000 ns, period = 3780000 ns (expected ~6510.42 ns)
Tick16x detected at 1463050000 ns, period = 3780000 ns (expected ~6510.42 ns)
Tick16x detected at 1466830000 ns, period = 3780000 ns (expected ~6510.42 ns)
Tick16x detected at 1470610000 ns, period = 3780000 ns (expected ~6510.42 ns)
Tick16x detected at 1474390000 ns, period = 3780000 ns (expected ~6510.42 ns)
Tick16x detected at 1478170000 ns, period = 3780000 ns (expected ~6510.42 ns)
Tick16x detected at 1481950000 ns, period = 3780000 ns (expected ~6510.42 ns)
Tick16x detected at 1485730000 ns, period = 3780000 ns (expected ~6510.42 ns)
Tick16x detected at 1489510000 ns, period = 3780000 ns (expected ~6510.42 ns)
Tick detected at 1493190000 ns, period = 59720000 ns (expected ~104166.67 ns)
Tick16x detected at 1493290000 ns, period = 3780000 ns (expected ~6510.42 ns)
Tick16x detected at 1497070000 ns, period = 3780000 ns (expected ~6510.42 ns)
Tick16x detected at 1500850000 ns, period = 3780000 ns (expected ~6510.42 ns)
Tick16x detected at 1504630000 ns, period = 3780000 ns (expected ~6510.42 ns)
Tick16x detected at 1508410000 ns, period = 3780000 ns (expected ~6510.42 ns)
Tick16x detected at 1512190000 ns, period = 3780000 ns (expected ~6510.42 ns)
Tick16x detected at 1515970000 ns, period = 3780000 ns (expected ~6510.42 ns)
Tick16x detected at 1519750000 ns, period = 3780000 ns (expected ~6510.42 ns)
Tick16x detected at 1523530000 ns, period = 3780000 ns (expected ~6510.42 ns)
Tick16x detected at 1527310000 ns, period = 3780000 ns (expected ~6510.42 ns)
Tick16x detected at 1531090000 ns, period = 3780000 ns (expected ~6510.42 ns)
Tick16x detected at 1534870000 ns, period = 3780000 ns (expected ~6510.42 ns)
Tick16x detected at 1538650000 ns, period = 3780000 ns (expected ~6510.42 ns)
Tick16x detected at 1542430000 ns, period = 3780000 ns (expected ~6510.42 ns)
Tick16x detected at 1546210000 ns, period = 3780000 ns (expected ~6510.42 ns)
Tick16x detected at 1549990000 ns, period = 3780000 ns (expected ~6510.42 ns)
Tick detected at 1552910000 ns, period = 59720000 ns (expected ~104166.67 ns)
Tick16x detected at 1553770000 ns, period = 3780000 ns (expected ~6510.42 ns)
Tick16x detected at 1557550000 ns, period = 3780000 ns (expected ~6510.42 ns)
Tick16x detected at 1561330000 ns, period = 3780000 ns (expected ~6510.42 ns)
Tick16x detected at 1565110000 ns, period = 3780000 ns (expected ~6510.42 ns)
Tick16x detected at 1568890000 ns, period = 3780000 ns (expected ~6510.42 ns)
Tick16x detected at 1572670000 ns, period = 3780000 ns (expected ~6510.42 ns)
Tick16x detected at 1576450000 ns, period = 3780000 ns (expected ~6510.42 ns)
Tick16x detected at 1580230000 ns, period = 3780000 ns (expected ~6510.42 ns)
Tick16x detected at 1584010000 ns, period = 3780000 ns (expected ~6510.42 ns)
Tick16x detected at 1587790000 ns, period = 3780000 ns (expected ~6510.42 ns)
Tick16x detected at 1591570000 ns, period = 3780000 ns (expected ~6510.42 ns)
Tick16x detected at 1595350000 ns, period = 3780000 ns (expected ~6510.42 ns)
Tick16x detected at 1599130000 ns, period = 3780000 ns (expected ~6510.42 ns)
Tick16x detected at 1602910000 ns, period = 3780000 ns (expected ~6510.42 ns)
Tick16x detected at 1606690000 ns, period = 3780000 ns (expected ~6510.42 ns)
Tick16x detected at 1610470000 ns, period = 3780000 ns (expected ~6510.42 ns)
Tick detected at 1612630000 ns, period = 59720000 ns (expected ~104166.67 ns)
Tick16x detected at 1614250000 ns, period = 3780000 ns (expected ~6510.42 ns)
Tick16x detected at 1618030000 ns, period = 3780000 ns (expected ~6510.42 ns)
Tick16x detected at 1621810000 ns, period = 3780000 ns (expected ~6510.42 ns)
Tick16x detected at 1625590000 ns, period = 3780000 ns (expected ~6510.42 ns)
Tick16x detected at 1629370000 ns, period = 3780000 ns (expected ~6510.42 ns)
Tick16x detected at 1633150000 ns, period = 3780000 ns (expected ~6510.42 ns)
Tick16x detected at 1636930000 ns, period = 3780000 ns (expected ~6510.42 ns)
Tick16x detected at 1640710000 ns, period = 3780000 ns (expected ~6510.42 ns)
Tick16x detected at 1644490000 ns, period = 3780000 ns (expected ~6510.42 ns)
Tick16x detected at 1648270000 ns, period = 3780000 ns (expected ~6510.42 ns)
Tick16x detected at 1652050000 ns, period = 3780000 ns (expected ~6510.42 ns)
Tick16x detected at 1655830000 ns, period = 3780000 ns (expected ~6510.42 ns)
Tick16x detected at 1659610000 ns, period = 3780000 ns (expected ~6510.42 ns)
Tick16x detected at 1663390000 ns, period = 3780000 ns (expected ~6510.42 ns)
Tick16x detected at 1667170000 ns, period = 3780000 ns (expected ~6510.42 ns)
Tick16x detected at 1670950000 ns, period = 3780000 ns (expected ~6510.42 ns)
Tick detected at 1672350000 ns, period = 59720000 ns (expected ~104166.67 ns)
Tick16x detected at 1674730000 ns, period = 3780000 ns (expected ~6510.42 ns)
Tick16x detected at 1678510000 ns, period = 3780000 ns (expected ~6510.42 ns)
Tick16x detected at 1682290000 ns, period = 3780000 ns (expected ~6510.42 ns)
Tick16x detected at 1686070000 ns, period = 3780000 ns (expected ~6510.42 ns)
Tick16x detected at 1689850000 ns, period = 3780000 ns (expected ~6510.42 ns)
Tick16x detected at 1693630000 ns, period = 3780000 ns (expected ~6510.42 ns)
Tick16x detected at 1697410000 ns, period = 3780000 ns (expected ~6510.42 ns)
Tick16x detected at 1701190000 ns, period = 3780000 ns (expected ~6510.42 ns)
Tick16x detected at 1704970000 ns, period = 3780000 ns (expected ~6510.42 ns)
Tick16x detected at 1708750000 ns, period = 3780000 ns (expected ~6510.42 ns)
Tick16x detected at 1712530000 ns, period = 3780000 ns (expected ~6510.42 ns)
Tick16x detected at 1716310000 ns, period = 3780000 ns (expected ~6510.42 ns)
Tick16x detected at 1720090000 ns, period = 3780000 ns (expected ~6510.42 ns)
Tick16x detected at 1723870000 ns, period = 3780000 ns (expected ~6510.42 ns)
Tick16x detected at 1727650000 ns, period = 3780000 ns (expected ~6510.42 ns)
Tick16x detected at 1731430000 ns, period = 3780000 ns (expected ~6510.42 ns)
Tick detected at 1732070000 ns, period = 59720000 ns (expected ~104166.67 ns)
Tick16x detected at 1735210000 ns, period = 3780000 ns (expected ~6510.42 ns)
Tick16x detected at 1738990000 ns, period = 3780000 ns (expected ~6510.42 ns)
Tick16x detected at 1742770000 ns, period = 3780000 ns (expected ~6510.42 ns)
Tick16x detected at 1746550000 ns, period = 3780000 ns (expected ~6510.42 ns)
Tick16x detected at 1750330000 ns, period = 3780000 ns (expected ~6510.42 ns)
Tick16x detected at 1754110000 ns, period = 3780000 ns (expected ~6510.42 ns)
Tick16x detected at 1757890000 ns, period = 3780000 ns (expected ~6510.42 ns)
Tick16x detected at 1761670000 ns, period = 3780000 ns (expected ~6510.42 ns)
Tick16x detected at 1765450000 ns, period = 3780000 ns (expected ~6510.42 ns)
Tick16x detected at 1769230000 ns, period = 3780000 ns (expected ~6510.42 ns)
Tick16x detected at 1773010000 ns, period = 3780000 ns (expected ~6510.42 ns)
Tick16x detected at 1776790000 ns, period = 3780000 ns (expected ~6510.42 ns)
Tick16x detected at 1780570000 ns, period = 3780000 ns (expected ~6510.42 ns)
Tick16x detected at 1784350000 ns, period = 3780000 ns (expected ~6510.42 ns)
Tick16x detected at 1788130000 ns, period = 3780000 ns (expected ~6510.42 ns)
Tick detected at 1791790000 ns, period = 59720000 ns (expected ~104166.67 ns)
Tick16x detected at 1791910000 ns, period = 3780000 ns (expected ~6510.42 ns)
Tick16x detected at 1795690000 ns, period = 3780000 ns (expected ~6510.42 ns)
Tick16x detected at 1799470000 ns, period = 3780000 ns (expected ~6510.42 ns)
Tick16x detected at 1803250000 ns, period = 3780000 ns (expected ~6510.42 ns)
Tick16x detected at 1807030000 ns, period = 3780000 ns (expected ~6510.42 ns)
Tick16x detected at 1810810000 ns, period = 3780000 ns (expected ~6510.42 ns)
Tick16x detected at 1814590000 ns, period = 3780000 ns (expected ~6510.42 ns)
Tick16x detected at 1818370000 ns, period = 3780000 ns (expected ~6510.42 ns)
Tick16x detected at 1822150000 ns, period = 3780000 ns (expected ~6510.42 ns)
Tick16x detected at 1825930000 ns, period = 3780000 ns (expected ~6510.42 ns)
Tick16x detected at 1829710000 ns, period = 3780000 ns (expected ~6510.42 ns)
Tick16x detected at 1833490000 ns, period = 3780000 ns (expected ~6510.42 ns)
Tick16x detected at 1837270000 ns, period = 3780000 ns (expected ~6510.42 ns)
Tick16x detected at 1841050000 ns, period = 3780000 ns (expected ~6510.42 ns)
Tick16x detected at 1844830000 ns, period = 3780000 ns (expected ~6510.42 ns)
Tick16x detected at 1848610000 ns, period = 3780000 ns (expected ~6510.42 ns)
Tick detected at 1851510000 ns, period = 59720000 ns (expected ~104166.67 ns)
Tick16x detected at 1852390000 ns, period = 3780000 ns (expected ~6510.42 ns)
Tick16x detected at 1856170000 ns, period = 3780000 ns (expected ~6510.42 ns)
Tick16x detected at 1859950000 ns, period = 3780000 ns (expected ~6510.42 ns)
Tick16x detected at 1863730000 ns, period = 3780000 ns (expected ~6510.42 ns)
Tick16x detected at 1867510000 ns, period = 3780000 ns (expected ~6510.42 ns)
Tick16x detected at 1871290000 ns, period = 3780000 ns (expected ~6510.42 ns)
Tick16x detected at 1875070000 ns, period = 3780000 ns (expected ~6510.42 ns)
Tick16x detected at 1878850000 ns, period = 3780000 ns (expected ~6510.42 ns)
Tick16x detected at 1882630000 ns, period = 3780000 ns (expected ~6510.42 ns)
Tick16x detected at 1886410000 ns, period = 3780000 ns (expected ~6510.42 ns)
Tick16x detected at 1890190000 ns, period = 3780000 ns (expected ~6510.42 ns)
Tick16x detected at 1893970000 ns, period = 3780000 ns (expected ~6510.42 ns)
Tick16x detected at 1897750000 ns, period = 3780000 ns (expected ~6510.42 ns)
Tick16x detected at 1901530000 ns, period = 3780000 ns (expected ~6510.42 ns)
Tick16x detected at 1905310000 ns, period = 3780000 ns (expected ~6510.42 ns)
Tick16x detected at 1909090000 ns, period = 3780000 ns (expected ~6510.42 ns)
Tick detected at 1911230000 ns, period = 59720000 ns (expected ~104166.67 ns)
Tick16x detected at 1912870000 ns, period = 3780000 ns (expected ~6510.42 ns)
Tick16x detected at 1916650000 ns, period = 3780000 ns (expected ~6510.42 ns)
Tick16x detected at 1920430000 ns, period = 3780000 ns (expected ~6510.42 ns)
Tick16x detected at 1924210000 ns, period = 3780000 ns (expected ~6510.42 ns)
Tick16x detected at 1927990000 ns, period = 3780000 ns (expected ~6510.42 ns)
Tick16x detected at 1931770000 ns, period = 3780000 ns (expected ~6510.42 ns)
Tick16x detected at 1935550000 ns, period = 3780000 ns (expected ~6510.42 ns)
Tick16x detected at 1939330000 ns, period = 3780000 ns (expected ~6510.42 ns)
Tick16x detected at 1943110000 ns, period = 3780000 ns (expected ~6510.42 ns)
Tick16x detected at 1946890000 ns, period = 3780000 ns (expected ~6510.42 ns)
Tick16x detected at 1950670000 ns, period = 3780000 ns (expected ~6510.42 ns)
Tick16x detected at 1954450000 ns, period = 3780000 ns (expected ~6510.42 ns)
Tick16x detected at 1958230000 ns, period = 3780000 ns (expected ~6510.42 ns)
Tick16x detected at 1962010000 ns, period = 3780000 ns (expected ~6510.42 ns)
Tick16x detected at 1965790000 ns, period = 3780000 ns (expected ~6510.42 ns)
Tick16x detected at 1969570000 ns, period = 3780000 ns (expected ~6510.42 ns)
Tick detected at 1970950000 ns, period = 59720000 ns (expected ~104166.67 ns)
Tick16x detected at 1973350000 ns, period = 3780000 ns (expected ~6510.42 ns)
Tick16x detected at 1977130000 ns, period = 3780000 ns (expected ~6510.42 ns)
Tick16x detected at 1980910000 ns, period = 3780000 ns (expected ~6510.42 ns)
Tick16x detected at 1984690000 ns, period = 3780000 ns (expected ~6510.42 ns)
Tick16x detected at 1988470000 ns, period = 3780000 ns (expected ~6510.42 ns)
Tick16x detected at 1992250000 ns, period = 3780000 ns (expected ~6510.42 ns)
Tick16x detected at 1996030000 ns, period = 3780000 ns (expected ~6510.42 ns)
Tick16x detected at 1999810000 ns, period = 3780000 ns (expected ~6510.42 ns)
Tick16x detected at 2003590000 ns, period = 3780000 ns (expected ~6510.42 ns)
Tick16x detected at 2007370000 ns, period = 3780000 ns (expected ~6510.42 ns)
Tick16x detected at 2011150000 ns, period = 3780000 ns (expected ~6510.42 ns)
Tick16x detected at 2014930000 ns, period = 3780000 ns (expected ~6510.42 ns)
Tick16x detected at 2018710000 ns, period = 3780000 ns (expected ~6510.42 ns)
Tick16x detected at 2022490000 ns, period = 3780000 ns (expected ~6510.42 ns)
Tick16x detected at 2026270000 ns, period = 3780000 ns (expected ~6510.42 ns)
Tick16x detected at 2030050000 ns, period = 3780000 ns (expected ~6510.42 ns)
Tick detected at 2030670000 ns, period = 59720000 ns (expected ~104166.67 ns)
Tick16x detected at 2033830000 ns, period = 3780000 ns (expected ~6510.42 ns)
Tick16x detected at 2037610000 ns, period = 3780000 ns (expected ~6510.42 ns)
Tick16x detected at 2041390000 ns, period = 3780000 ns (expected ~6510.42 ns)
Tick16x detected at 2045170000 ns, period = 3780000 ns (expected ~6510.42 ns)
Tick16x detected at 2048950000 ns, period = 3780000 ns (expected ~6510.42 ns)
Tick16x detected at 2052730000 ns, period = 3780000 ns (expected ~6510.42 ns)
Tick16x detected at 2056510000 ns, period = 3780000 ns (expected ~6510.42 ns)
Tick16x detected at 2060290000 ns, period = 3780000 ns (expected ~6510.42 ns)
Tick16x detected at 2064070000 ns, period = 3780000 ns (expected ~6510.42 ns)
Tick16x detected at 2067850000 ns, period = 3780000 ns (expected ~6510.42 ns)
Tick16x detected at 2071630000 ns, period = 3780000 ns (expected ~6510.42 ns)
Tick16x detected at 2075410000 ns, period = 3780000 ns (expected ~6510.42 ns)
Tick16x detected at 2079190000 ns, period = 3780000 ns (expected ~6510.42 ns)
Tick16x detected at 2082970000 ns, period = 3780000 ns (expected ~6510.42 ns)

Test Results:
  Collected 33 standard ticks
  Average tick period = 59720.00 ns (expected ~104166.67 ns)
  Collected 550 oversampling ticks
  Average tick_16x period = 3780.00 ns (expected ~6510.42 ns)

Error Analysis:
  Tick period error: -42.67%
  Tick_16x period error: -41.94%

Disabling baudrate generator...
Ticks successfully stopped when enable=0

Re-enabling baudrate generator...
Tick16x detected at 2608130000 ns, period = 525160000 ns (expected ~6510.42 ns)
Tick16x detected at 2611910000 ns, period = 3780000 ns (expected ~6510.42 ns)
Tick16x detected at 2615690000 ns, period = 3780000 ns (expected ~6510.42 ns)
Tick16x detected at 2619470000 ns, period = 3780000 ns (expected ~6510.42 ns)
Tick16x detected at 2623250000 ns, period = 3780000 ns (expected ~6510.42 ns)
Tick16x detected at 2627030000 ns, period = 3780000 ns (expected ~6510.42 ns)
Tick16x detected at 2630810000 ns, period = 3780000 ns (expected ~6510.42 ns)
Tick16x detected at 2634590000 ns, period = 3780000 ns (expected ~6510.42 ns)
Tick16x detected at 2638370000 ns, period = 3780000 ns (expected ~6510.42 ns)
Tick16x detected at 2642150000 ns, period = 3780000 ns (expected ~6510.42 ns)
Tick16x detected at 2645930000 ns, period = 3780000 ns (expected ~6510.42 ns)
Tick16x detected at 2649710000 ns, period = 3780000 ns (expected ~6510.42 ns)
Tick16x detected at 2653490000 ns, period = 3780000 ns (expected ~6510.42 ns)
Tick16x detected at 2657270000 ns, period = 3780000 ns (expected ~6510.42 ns)
Tick16x detected at 2661050000 ns, period = 3780000 ns (expected ~6510.42 ns)
Tick detected at 2664070000 ns, period = 633400000 ns (expected ~104166.67 ns)
Tick16x detected at 2664830000 ns, period = 3780000 ns (expected ~6510.42 ns)
Tick16x detected at 2668610000 ns, period = 3780000 ns (expected ~6510.42 ns)
Tick16x detected at 2672390000 ns, period = 3780000 ns (expected ~6510.42 ns)
Tick16x detected at 2676170000 ns, period = 3780000 ns (expected ~6510.42 ns)
Tick16x detected at 2679950000 ns, period = 3780000 ns (expected ~6510.42 ns)
Tick16x detected at 2683730000 ns, period = 3780000 ns (expected ~6510.42 ns)
Tick16x detected at 2687510000 ns, period = 3780000 ns (expected ~6510.42 ns)
Tick16x detected at 2691290000 ns, period = 3780000 ns (expected ~6510.42 ns)
Tick16x detected at 2695070000 ns, period = 3780000 ns (expected ~6510.42 ns)
Tick16x detected at 2698850000 ns, period = 3780000 ns (expected ~6510.42 ns)
Tick16x detected at 2702630000 ns, period = 3780000 ns (expected ~6510.42 ns)
Tick16x detected at 2706410000 ns, period = 3780000 ns (expected ~6510.42 ns)
Tick16x detected at 2710190000 ns, period = 3780000 ns (expected ~6510.42 ns)
Tick16x detected at 2713970000 ns, period = 3780000 ns (expected ~6510.42 ns)
Tick16x detected at 2717750000 ns, period = 3780000 ns (expected ~6510.42 ns)
Tick16x detected at 2721530000 ns, period = 3780000 ns (expected ~6510.42 ns)
Tick detected at 2723790000 ns, period = 59720000 ns (expected ~104166.67 ns)
Tick16x detected at 2725310000 ns, period = 3780000 ns (expected ~6510.42 ns)
Tick16x detected at 2729090000 ns, period = 3780000 ns (expected ~6510.42 ns)
Tick16x detected at 2732870000 ns, period = 3780000 ns (expected ~6510.42 ns)
Tick16x detected at 2736650000 ns, period = 3780000 ns (expected ~6510.42 ns)
Tick16x detected at 2740430000 ns, period = 3780000 ns (expected ~6510.42 ns)
Tick16x detected at 2744210000 ns, period = 3780000 ns (expected ~6510.42 ns)
Tick16x detected at 2747990000 ns, period = 3780000 ns (expected ~6510.42 ns)
Tick16x detected at 2751770000 ns, period = 3780000 ns (expected ~6510.42 ns)
Tick16x detected at 2755550000 ns, period = 3780000 ns (expected ~6510.42 ns)
Tick16x detected at 2759330000 ns, period = 3780000 ns (expected ~6510.42 ns)
Tick16x detected at 2763110000 ns, period = 3780000 ns (expected ~6510.42 ns)
Tick16x detected at 2766890000 ns, period = 3780000 ns (expected ~6510.42 ns)
Tick16x detected at 2770670000 ns, period = 3780000 ns (expected ~6510.42 ns)
Tick16x detected at 2774450000 ns, period = 3780000 ns (expected ~6510.42 ns)
Tick16x detected at 2778230000 ns, period = 3780000 ns (expected ~6510.42 ns)
Tick16x detected at 2782010000 ns, period = 3780000 ns (expected ~6510.42 ns)
Tick detected at 2783510000 ns, period = 59720000 ns (expected ~104166.67 ns)
Tick16x detected at 2785790000 ns, period = 3780000 ns (expected ~6510.42 ns)
Tick16x detected at 2789570000 ns, period = 3780000 ns (expected ~6510.42 ns)
Tick16x detected at 2793350000 ns, period = 3780000 ns (expected ~6510.42 ns)
Tick16x detected at 2797130000 ns, period = 3780000 ns (expected ~6510.42 ns)
Tick16x detected at 2800910000 ns, period = 3780000 ns (expected ~6510.42 ns)
Tick16x detected at 2804690000 ns, period = 3780000 ns (expected ~6510.42 ns)
Tick16x detected at 2808470000 ns, period = 3780000 ns (expected ~6510.42 ns)
Tick16x detected at 2812250000 ns, period = 3780000 ns (expected ~6510.42 ns)
Tick16x detected at 2816030000 ns, period = 3780000 ns (expected ~6510.42 ns)
Tick16x detected at 2819810000 ns, period = 3780000 ns (expected ~6510.42 ns)
Tick16x detected at 2823590000 ns, period = 3780000 ns (expected ~6510.42 ns)
Tick16x detected at 2827370000 ns, period = 3780000 ns (expected ~6510.42 ns)
Tick16x detected at 2831150000 ns, period = 3780000 ns (expected ~6510.42 ns)
Tick16x detected at 2834930000 ns, period = 3780000 ns (expected ~6510.42 ns)
Tick16x detected at 2838710000 ns, period = 3780000 ns (expected ~6510.42 ns)
Tick16x detected at 2842490000 ns, period = 3780000 ns (expected ~6510.42 ns)
Tick detected at 2843230000 ns, period = 59720000 ns (expected ~104166.67 ns)
Tick16x detected at 2846270000 ns, period = 3780000 ns (expected ~6510.42 ns)
Tick16x detected at 2850050000 ns, period = 3780000 ns (expected ~6510.42 ns)
Tick16x detected at 2853830000 ns, period = 3780000 ns (expected ~6510.42 ns)
Tick16x detected at 2857610000 ns, period = 3780000 ns (expected ~6510.42 ns)
Tick16x detected at 2861390000 ns, period = 3780000 ns (expected ~6510.42 ns)
Tick16x detected at 2865170000 ns, period = 3780000 ns (expected ~6510.42 ns)
Tick16x detected at 2868950000 ns, period = 3780000 ns (expected ~6510.42 ns)
Tick16x detected at 2872730000 ns, period = 3780000 ns (expected ~6510.42 ns)
Tick16x detected at 2876510000 ns, period = 3780000 ns (expected ~6510.42 ns)
Tick16x detected at 2880290000 ns, period = 3780000 ns (expected ~6510.42 ns)
Tick16x detected at 2884070000 ns, period = 3780000 ns (expected ~6510.42 ns)
Tick16x detected at 2887850000 ns, period = 3780000 ns (expected ~6510.42 ns)
Tick16x detected at 2891630000 ns, period = 3780000 ns (expected ~6510.42 ns)
Tick16x detected at 2895410000 ns, period = 3780000 ns (expected ~6510.42 ns)
Tick16x detected at 2899190000 ns, period = 3780000 ns (expected ~6510.42 ns)
Tick detected at 2902950000 ns, period = 59720000 ns (expected ~104166.67 ns)
Tick16x detected at 2902970000 ns, period = 3780000 ns (expected ~6510.42 ns)
Tick16x detected at 2906750000 ns, period = 3780000 ns (expected ~6510.42 ns)
Tick16x detected at 2910530000 ns, period = 3780000 ns (expected ~6510.42 ns)
Tick16x detected at 2914310000 ns, period = 3780000 ns (expected ~6510.42 ns)
Tick16x detected at 2918090000 ns, period = 3780000 ns (expected ~6510.42 ns)
Tick16x detected at 2921870000 ns, period = 3780000 ns (expected ~6510.42 ns)
Tick16x detected at 2925650000 ns, period = 3780000 ns (expected ~6510.42 ns)
Tick16x detected at 2929430000 ns, period = 3780000 ns (expected ~6510.42 ns)
Tick16x detected at 2933210000 ns, period = 3780000 ns (expected ~6510.42 ns)
Tick16x detected at 2936990000 ns, period = 3780000 ns (expected ~6510.42 ns)
Tick16x detected at 2940770000 ns, period = 3780000 ns (expected ~6510.42 ns)
Tick16x detected at 2944550000 ns, period = 3780000 ns (expected ~6510.42 ns)
Tick16x detected at 2948330000 ns, period = 3780000 ns (expected ~6510.42 ns)
Tick16x detected at 2952110000 ns, period = 3780000 ns (expected ~6510.42 ns)
Tick16x detected at 2955890000 ns, period = 3780000 ns (expected ~6510.42 ns)
Tick16x detected at 2959670000 ns, period = 3780000 ns (expected ~6510.42 ns)
Tick detected at 2962670000 ns, period = 59720000 ns (expected ~104166.67 ns)
Tick16x detected at 2963450000 ns, period = 3780000 ns (expected ~6510.42 ns)
Tick16x detected at 2967230000 ns, period = 3780000 ns (expected ~6510.42 ns)
Tick16x detected at 2971010000 ns, period = 3780000 ns (expected ~6510.42 ns)
Tick16x detected at 2974790000 ns, period = 3780000 ns (expected ~6510.42 ns)
Tick16x detected at 2978570000 ns, period = 3780000 ns (expected ~6510.42 ns)
Tick16x detected at 2982350000 ns, period = 3780000 ns (expected ~6510.42 ns)
Tick16x detected at 2986130000 ns, period = 3780000 ns (expected ~6510.42 ns)
Tick16x detected at 2989910000 ns, period = 3780000 ns (expected ~6510.42 ns)
Tick16x detected at 2993690000 ns, period = 3780000 ns (expected ~6510.42 ns)
Tick16x detected at 2997470000 ns, period = 3780000 ns (expected ~6510.42 ns)
Tick16x detected at 3001250000 ns, period = 3780000 ns (expected ~6510.42 ns)
Tick16x detected at 3005030000 ns, period = 3780000 ns (expected ~6510.42 ns)
Tick16x detected at 3008810000 ns, period = 3780000 ns (expected ~6510.42 ns)
Tick16x detected at 3012590000 ns, period = 3780000 ns (expected ~6510.42 ns)
Tick16x detected at 3016370000 ns, period = 3780000 ns (expected ~6510.42 ns)
Tick16x detected at 3020150000 ns, period = 3780000 ns (expected ~6510.42 ns)
Tick detected at 3022390000 ns, period = 59720000 ns (expected ~104166.67 ns)
Tick16x detected at 3023930000 ns, period = 3780000 ns (expected ~6510.42 ns)
Tick16x detected at 3027710000 ns, period = 3780000 ns (expected ~6510.42 ns)
Tick16x detected at 3031490000 ns, period = 3780000 ns (expected ~6510.42 ns)
Tick16x detected at 3035270000 ns, period = 3780000 ns (expected ~6510.42 ns)
Tick16x detected at 3039050000 ns, period = 3780000 ns (expected ~6510.42 ns)
Tick16x detected at 3042830000 ns, period = 3780000 ns (expected ~6510.42 ns)
Tick16x detected at 3046610000 ns, period = 3780000 ns (expected ~6510.42 ns)
Tick16x detected at 3050390000 ns, period = 3780000 ns (expected ~6510.42 ns)
Tick16x detected at 3054170000 ns, period = 3780000 ns (expected ~6510.42 ns)
Tick16x detected at 3057950000 ns, period = 3780000 ns (expected ~6510.42 ns)
Tick16x detected at 3061730000 ns, period = 3780000 ns (expected ~6510.42 ns)
Tick16x detected at 3065510000 ns, period = 3780000 ns (expected ~6510.42 ns)
Tick16x detected at 3069290000 ns, period = 3780000 ns (expected ~6510.42 ns)
Tick16x detected at 3073070000 ns, period = 3780000 ns (expected ~6510.42 ns)
Tick16x detected at 3076850000 ns, period = 3780000 ns (expected ~6510.42 ns)
Tick16x detected at 3080630000 ns, period = 3780000 ns (expected ~6510.42 ns)
Tick detected at 3082110000 ns, period = 59720000 ns (expected ~104166.67 ns)
Tick16x detected at 3084410000 ns, period = 3780000 ns (expected ~6510.42 ns)
Tick16x detected at 3088190000 ns, period = 3780000 ns (expected ~6510.42 ns)
Tick16x detected at 3091970000 ns, period = 3780000 ns (expected ~6510.42 ns)
Tick16x detected at 3095750000 ns, period = 3780000 ns (expected ~6510.42 ns)
Tick16x detected at 3099530000 ns, period = 3780000 ns (expected ~6510.42 ns)
Tick16x detected at 3103310000 ns, period = 3780000 ns (expected ~6510.42 ns)
Tick16x detected at 3107090000 ns, period = 3780000 ns (expected ~6510.42 ns)
Tick16x detected at 3110870000 ns, period = 3780000 ns (expected ~6510.42 ns)
Tick16x detected at 3114650000 ns, period = 3780000 ns (expected ~6510.42 ns)
Tick16x detected at 3118430000 ns, period = 3780000 ns (expected ~6510.42 ns)
Tick16x detected at 3122210000 ns, period = 3780000 ns (expected ~6510.42 ns)

Simulation complete
$finish called at time : 3125199999 ps : File "/home/workinglobster/uart-project/tb/unit_tests/baudrate_gen_tb.sv" Line 151
exit 0
INFO: [Common 17-206] Exiting xsim at Sun Mar  2 01:29:58 2025...
